This is pdfTeX, Version 3.141592653-2.6-1.40.24 (MiKTeX 21.12) (preloaded format=pdflatex 2022.2.13)  7 MAR 2022 10:59
entering extended mode
 restricted \write18 enabled.
 %&-line parsing enabled.
**./mi_is_report_v4.tex
(mi_is_report_v4.tex
LaTeX2e <2021-11-15> patch level 1
L3 programming layer <2021-11-22>
(C:\Users\DUPLEX\AppData\Local\Programs\MiKTeX\tex/latex/base\report.cls
Document Class: report 2021/10/04 v1.4n Standard LaTeX document class
(C:\Users\DUPLEX\AppData\Local\Programs\MiKTeX\tex/latex/base\size12.clo
File: size12.clo 2021/10/04 v1.4n Standard LaTeX file (size option)
)
\c@part=\count183
\c@chapter=\count184
\c@section=\count185
\c@subsection=\count186
\c@subsubsection=\count187
\c@paragraph=\count188
\c@subparagraph=\count189
\c@figure=\count190
\c@table=\count191
\abovecaptionskip=\skip47
\belowcaptionskip=\skip48
\bibindent=\dimen138
)
(C:\Users\DUPLEX\AppData\Local\Programs\MiKTeX\tex/latex/lm\lmodern.sty
Package: lmodern 2009/10/30 v1.6 Latin Modern Fonts
LaTeX Font Info:    Overwriting symbol font `operators' in version `normal'
(Font)                  OT1/cmr/m/n --> OT1/lmr/m/n on input line 22.
LaTeX Font Info:    Overwriting symbol font `letters' in version `normal'
(Font)                  OML/cmm/m/it --> OML/lmm/m/it on input line 23.
LaTeX Font Info:    Overwriting symbol font `symbols' in version `normal'
(Font)                  OMS/cmsy/m/n --> OMS/lmsy/m/n on input line 24.
LaTeX Font Info:    Overwriting symbol font `largesymbols' in version `normal'
(Font)                  OMX/cmex/m/n --> OMX/lmex/m/n on input line 25.
LaTeX Font Info:    Overwriting symbol font `operators' in version `bold'
(Font)                  OT1/cmr/bx/n --> OT1/lmr/bx/n on input line 26.
LaTeX Font Info:    Overwriting symbol font `letters' in version `bold'
(Font)                  OML/cmm/b/it --> OML/lmm/b/it on input line 27.
LaTeX Font Info:    Overwriting symbol font `symbols' in version `bold'
(Font)                  OMS/cmsy/b/n --> OMS/lmsy/b/n on input line 28.
LaTeX Font Info:    Overwriting symbol font `largesymbols' in version `bold'
(Font)                  OMX/cmex/m/n --> OMX/lmex/m/n on input line 29.
LaTeX Font Info:    Overwriting math alphabet `\mathbf' in version `normal'
(Font)                  OT1/cmr/bx/n --> OT1/lmr/bx/n on input line 31.
LaTeX Font Info:    Overwriting math alphabet `\mathsf' in version `normal'
(Font)                  OT1/cmss/m/n --> OT1/lmss/m/n on input line 32.
LaTeX Font Info:    Overwriting math alphabet `\mathit' in version `normal'
(Font)                  OT1/cmr/m/it --> OT1/lmr/m/it on input line 33.
LaTeX Font Info:    Overwriting math alphabet `\mathtt' in version `normal'
(Font)                  OT1/cmtt/m/n --> OT1/lmtt/m/n on input line 34.
LaTeX Font Info:    Overwriting math alphabet `\mathbf' in version `bold'
(Font)                  OT1/cmr/bx/n --> OT1/lmr/bx/n on input line 35.
LaTeX Font Info:    Overwriting math alphabet `\mathsf' in version `bold'
(Font)                  OT1/cmss/bx/n --> OT1/lmss/bx/n on input line 36.
LaTeX Font Info:    Overwriting math alphabet `\mathit' in version `bold'
(Font)                  OT1/cmr/bx/it --> OT1/lmr/bx/it on input line 37.
LaTeX Font Info:    Overwriting math alphabet `\mathtt' in version `bold'
(Font)                  OT1/cmtt/m/n --> OT1/lmtt/m/n on input line 38.
)
(C:\Users\DUPLEX\AppData\Local\Programs\MiKTeX\tex/latex/base\inputenc.sty
Package: inputenc 2021/02/14 v1.3d Input encoding file
\inpenc@prehook=\toks16
\inpenc@posthook=\toks17
)
(C:\Users\DUPLEX\AppData\Local\Programs\MiKTeX\tex/latex/amsmath\amsmath.sty
Package: amsmath 2021/10/15 v2.17l AMS math features
\@mathmargin=\skip49

For additional information on amsmath, use the `?' option.
(C:\Users\DUPLEX\AppData\Local\Programs\MiKTeX\tex/latex/amsmath\amstext.sty
Package: amstext 2021/08/26 v2.01 AMS text

(C:\Users\DUPLEX\AppData\Local\Programs\MiKTeX\tex/latex/amsmath\amsgen.sty
File: amsgen.sty 1999/11/30 v2.0 generic functions
\@emptytoks=\toks18
\ex@=\dimen139
))
(C:\Users\DUPLEX\AppData\Local\Programs\MiKTeX\tex/latex/amsmath\amsbsy.sty
Package: amsbsy 1999/11/29 v1.2d Bold Symbols
\pmbraise@=\dimen140
)
(C:\Users\DUPLEX\AppData\Local\Programs\MiKTeX\tex/latex/amsmath\amsopn.sty
Package: amsopn 2021/08/26 v2.02 operator names
)
\inf@bad=\count192
LaTeX Info: Redefining \frac on input line 234.
\uproot@=\count193
\leftroot@=\count194
LaTeX Info: Redefining \overline on input line 399.
\classnum@=\count195
\DOTSCASE@=\count196
LaTeX Info: Redefining \ldots on input line 496.
LaTeX Info: Redefining \dots on input line 499.
LaTeX Info: Redefining \cdots on input line 620.
\Mathstrutbox@=\box50
\strutbox@=\box51
\big@size=\dimen141
LaTeX Font Info:    Redeclaring font encoding OML on input line 743.
LaTeX Font Info:    Redeclaring font encoding OMS on input line 744.
\macc@depth=\count197
\c@MaxMatrixCols=\count198
\dotsspace@=\muskip16
\c@parentequation=\count199
\dspbrk@lvl=\count266
\tag@help=\toks19
\row@=\count267
\column@=\count268
\maxfields@=\count269
\andhelp@=\toks20
\eqnshift@=\dimen142
\alignsep@=\dimen143
\tagshift@=\dimen144
\tagwidth@=\dimen145
\totwidth@=\dimen146
\lineht@=\dimen147
\@envbody=\toks21
\multlinegap=\skip50
\multlinetaggap=\skip51
\mathdisplay@stack=\toks22
LaTeX Info: Redefining \[ on input line 2938.
LaTeX Info: Redefining \] on input line 2939.
)
(C:\Users\DUPLEX\AppData\Local\Programs\MiKTeX\tex/latex/apacite\apacite.sty
Package: apacite 2013/07/21 v6.03 APA citation
\c@BibCnt=\count270
\bibleftmargin=\skip52
\bibindent=\skip53
\bibparsep=\skip54
\bibitemsep=\skip55
\biblabelsep=\skip56
)
(C:\Users\DUPLEX\AppData\Local\Programs\MiKTeX\tex/latex/amsfonts\amssymb.sty
Package: amssymb 2013/01/14 v3.01 AMS font symbols

(C:\Users\DUPLEX\AppData\Local\Programs\MiKTeX\tex/latex/amsfonts\amsfonts.sty
Package: amsfonts 2013/01/14 v3.01 Basic AMSFonts support
\symAMSa=\mathgroup4
\symAMSb=\mathgroup5
LaTeX Font Info:    Redeclaring math symbol \hbar on input line 98.
LaTeX Font Info:    Overwriting math alphabet `\mathfrak' in version `bold'
(Font)                  U/euf/m/n --> U/euf/b/n on input line 106.
)) (C:\Users\DUPLEX\AppData\Local\Programs\MiKTeX\tex/latex/amscls\amsthm.sty
Package: amsthm 2020/05/29 v2.20.6
\thm@style=\toks23
\thm@bodyfont=\toks24
\thm@headfont=\toks25
\thm@notefont=\toks26
\thm@headpunct=\toks27
\thm@preskip=\skip57
\thm@postskip=\skip58
\thm@headsep=\skip59
\dth@everypar=\toks28
)
(C:\Users\DUPLEX\AppData\Local\Programs\MiKTeX\tex/latex/jknappen\mathrsfs.sty
Package: mathrsfs 1996/01/01 Math RSFS package v1.0 (jk)
\symrsfs=\mathgroup6
) (C:\Users\DUPLEX\AppData\Local\Programs\MiKTeX\tex/generic/babel\babel.sty
Package: babel 2021/11/29 3.67 The Babel package
\babel@savecnt=\count271
\U@D=\dimen148
\l@unhyphenated=\language79

(C:\Users\DUPLEX\AppData\Local\Programs\MiKTeX\tex/generic/babel\txtbabel.def)
\bbl@readstream=\read2
\bbl@dirlevel=\count272

*************************************
* Local config file bblopts.cfg used
*
(C:\Users\DUPLEX\AppData\Local\Programs\MiKTeX\tex/latex/arabi\bblopts.cfg
File: bblopts.cfg 2005/09/08 v0.1 add Arabic and Farsi to "declared" options of
 babel
)
(C:\Users\DUPLEX\AppData\Local\Programs\MiKTeX\tex/generic/babel-french\francai
s.ldf
Language: francais 2021/07/20 v3.5m French support from the babel system


Package francais.ldf Warning: Option `francais' for Babel is *deprecated*,
(francais.ldf)                it might be removed sooner or later. Please
(francais.ldf)                use `french' instead; reported on input line 31.


(C:\Users\DUPLEX\AppData\Local\Programs\MiKTeX\tex/generic/babel-french\french.
ldf
Language: french 2021/07/20 v3.5m French support from the babel system
Package babel Info: Hyphen rules for 'acadian' set to \l@french
(babel)             (\language22). Reported on input line 91.
Package babel Info: Hyphen rules for 'canadien' set to \l@french
(babel)             (\language22). Reported on input line 92.
\FB@nonchar=\count273
Package babel Info: Making : an active character on input line 430.
Package babel Info: Making ; an active character on input line 431.
Package babel Info: Making ! an active character on input line 432.
Package babel Info: Making ? an active character on input line 433.
\FBguill@level=\count274
\FBold@everypar=\toks29
\FB@Mht=\dimen149
\mc@charclass=\count275
\mc@charfam=\count276
\mc@charslot=\count277
\std@mcc=\count278
\dec@mcc=\count279
\listindentFB=\dimen150
\descindentFB=\dimen151
\labelindentFB=\dimen152
\labelwidthFB=\dimen153
\leftmarginFB=\dimen154
\parindentFFN=\dimen155
\FBfnindent=\dimen156
))
(C:\Users\DUPLEX\AppData\Local\Programs\MiKTeX\tex/latex/babel-english\english.
ldf
Language: english 2017/06/06 v3.3r English support from the babel system
Package babel Info: Hyphen rules for 'canadian' set to \l@english
(babel)             (\language0). Reported on input line 102.
Package babel Info: Hyphen rules for 'australian' set to \l@ukenglish
(babel)             (\language73). Reported on input line 105.
Package babel Info: Hyphen rules for 'newzealand' set to \l@ukenglish
(babel)             (\language73). Reported on input line 108.
))
(C:\Users\DUPLEX\AppData\Local\Programs\MiKTeX\tex/latex/carlisle\scalefnt.sty)
(C:\Users\DUPLEX\AppData\Local\Programs\MiKTeX\tex/latex/graphics\keyval.sty
Package: keyval 2014/10/28 v1.15 key=value parser (DPC)
\KV@toks@=\toks30
)
(C:\Users\DUPLEX\AppData\Local\Programs\MiKTeX\tex/latex/base\fontenc.sty
Package: fontenc 2021/04/29 v2.0v Standard LaTeX package
LaTeX Font Info:    Trying to load font information for T1+lmr on input line 11
2.

(C:\Users\DUPLEX\AppData\Local\Programs\MiKTeX\tex/latex/lm\t1lmr.fd
File: t1lmr.fd 2009/10/30 v1.6 Font defs for Latin Modern
))
(C:\Users\DUPLEX\AppData\Local\Programs\MiKTeX\tex/latex/float\float.sty
Package: float 2001/11/08 v1.3d Float enhancements (AL)
\c@float@type=\count280
\float@exts=\toks31
\float@box=\box52
\@float@everytoks=\toks32
\@floatcapt=\box53
)
(C:\Users\DUPLEX\AppData\Local\Programs\MiKTeX\tex/latex/eurosym\eurosym.sty
Package: eurosym 1998/08/06 v1.1 European currency symbol ``Euro''
\@eurobox=\box54
)
(C:\Users\DUPLEX\AppData\Local\Programs\MiKTeX\tex/latex/tools\array.sty
Package: array 2021/10/04 v2.5f Tabular extension package (FMi)
\col@sep=\dimen157
\ar@mcellbox=\box55
\extrarowheight=\dimen158
\NC@list=\toks33
\extratabsurround=\skip60
\backup@length=\skip61
\ar@cellbox=\box56
)
(C:\Users\DUPLEX\AppData\Local\Programs\MiKTeX\tex/latex/multirow\multirow.sty
Package: multirow 2021/03/15 v2.8 Span multiple rows of a table
\multirow@colwidth=\skip62
\multirow@cntb=\count281
\multirow@dima=\skip63
\bigstrutjot=\dimen159
) (C:\Users\DUPLEX\AppData\Local\Programs\MiKTeX\tex/latex/wrapfig\wrapfig.sty
\wrapoverhang=\dimen160
\WF@size=\dimen161
\c@WF@wrappedlines=\count282
\WF@box=\box57
\WF@everypar=\toks34
Package: wrapfig 2003/01/31  v 3.6
)
(C:\Users\DUPLEX\AppData\Local\Programs\MiKTeX\tex/latex/graphics\graphicx.sty
Package: graphicx 2021/09/16 v1.2d Enhanced LaTeX Graphics (DPC,SPQR)

(C:\Users\DUPLEX\AppData\Local\Programs\MiKTeX\tex/latex/graphics\graphics.sty
Package: graphics 2021/03/04 v1.4d Standard LaTeX Graphics (DPC,SPQR)

(C:\Users\DUPLEX\AppData\Local\Programs\MiKTeX\tex/latex/graphics\trig.sty
Package: trig 2021/08/11 v1.11 sin cos tan (DPC)
)
(C:\Users\DUPLEX\AppData\Local\Programs\MiKTeX\tex/latex/graphics-cfg\graphics.
cfg
File: graphics.cfg 2016/06/04 v1.11 sample graphics configuration
)
Package graphics Info: Driver file: pdftex.def on input line 107.

(C:\Users\DUPLEX\AppData\Local\Programs\MiKTeX\tex/latex/graphics-def\pdftex.de
f
File: pdftex.def 2020/10/05 v1.2a Graphics/color driver for pdftex
))
\Gin@req@height=\dimen162
\Gin@req@width=\dimen163
)
(C:\Users\DUPLEX\AppData\Local\Programs\MiKTeX\tex/latex/pythontex\pythontex.st
y
Package: pythontex 2021/06/06 v0.18 execute and typeset Python code and other l
anguages
 (C:\Users\DUPLEX\AppData\Local\Programs\MiKTeX\tex/latex/fvextra\fvextra.sty
Package: fvextra 2019/02/04 v1.4 fvextra - extensions and patches for fancyvrb

(C:\Users\DUPLEX\AppData\Local\Programs\MiKTeX\tex/latex/base\ifthen.sty
Package: ifthen 2020/11/24 v1.1c Standard LaTeX ifthen package (DPC)
)
(C:\Users\DUPLEX\AppData\Local\Programs\MiKTeX\tex/latex/etoolbox\etoolbox.sty
Package: etoolbox 2020/10/05 v2.5k e-TeX tools for LaTeX (JAW)
\etb@tempcnta=\count283
) (C:\Users\DUPLEX\AppData\Local\Programs\MiKTeX\tex/latex/fancyvrb\fancyvrb.st
y
Package: fancyvrb 2021/12/21 4.1b verbatim text (tvz,hv)
\FV@CodeLineNo=\count284
\FV@InFile=\read3
\FV@TabBox=\box58
\c@FancyVerbLine=\count285
\FV@StepNumber=\count286
\FV@OutFile=\write3
) (C:\Users\DUPLEX\AppData\Local\Programs\MiKTeX\tex/latex/upquote\upquote.sty
Package: upquote 2012/04/19 v1.3 upright-quote and grave-accent glyphs in verba
tim

(C:\Users\DUPLEX\AppData\Local\Programs\MiKTeX\tex/latex/base\textcomp.sty
Package: textcomp 2020/02/02 v2.0n Standard LaTeX package
))
(C:\Users\DUPLEX\AppData\Local\Programs\MiKTeX\tex/latex/lineno\lineno.sty
Package: lineno 2005/11/02 line numbers on paragraphs v4.41
\linenopenalty=\count287
\output=\toks35
\linenoprevgraf=\count288
\linenumbersep=\dimen164
\linenumberwidth=\dimen165
\c@linenumber=\count289
\c@pagewiselinenumber=\count290
\c@LN@truepage=\count291
\c@internallinenumber=\count292
\c@internallinenumbers=\count293
\quotelinenumbersep=\dimen166
\bframerule=\dimen167
\bframesep=\dimen168
\bframebox=\box59
LaTeX Info: Redefining \\ on input line 3056.
)
\c@FV@TrueTabGroupLevel=\count294
\c@FV@TrueTabCounter=\count295
\FV@TabBox@Group=\box60
\FV@TmpLength=\skip64
\c@FV@HighlightLinesStart=\count296
\c@FV@HighlightLinesStop=\count297
\FV@LoopCount=\count298
\FV@NCharsBox=\box61
\FV@BreakIndent=\dimen169
\FV@BreakIndentNChars=\count299
\FV@BreakSymbolSepLeft=\dimen170
\FV@BreakSymbolSepLeftNChars=\count300
\FV@BreakSymbolSepRight=\dimen171
\FV@BreakSymbolSepRightNChars=\count301
\FV@BreakSymbolIndentLeft=\dimen172
\FV@BreakSymbolIndentLeftNChars=\count302
\FV@BreakSymbolIndentRight=\dimen173
\FV@BreakSymbolIndentRightNChars=\count303
\c@FancyVerbLineBreakLast=\count304
\FV@LineBox=\box62
\FV@LineIndentBox=\box63
\FV@LineWidth=\dimen174
)
(C:\Users\DUPLEX\AppData\Local\Programs\MiKTeX\tex/latex/xstring\xstring.sty
(C:\Users\DUPLEX\AppData\Local\Programs\MiKTeX\tex/generic/xstring\xstring.tex
\integerpart=\count305
\decimalpart=\count306
)
Package: xstring 2021/07/21 v1.84 String manipulations (CT)
) (C:\Users\DUPLEX\AppData\Local\Programs\MiKTeX\tex/latex/pgfopts\pgfopts.sty
Package: pgfopts 2014/07/10 v2.1a LaTeX package options with pgfkeys

(C:\Users\DUPLEX\AppData\Local\Programs\MiKTeX\tex/latex/pgf/utilities\pgfkeys.
sty
(C:\Users\DUPLEX\AppData\Local\Programs\MiKTeX\tex/generic/pgf/utilities\pgfkey
s.code.tex
\pgfkeys@pathtoks=\toks36
\pgfkeys@temptoks=\toks37

(C:\Users\DUPLEX\AppData\Local\Programs\MiKTeX\tex/generic/pgf/utilities\pgfkey
sfiltered.code.tex
\pgfkeys@tmptoks=\toks38
)))
\pgfopts@list@add@a@toks=\toks39
\pgfopts@list@add@b@toks=\toks40
)
(C:\Users\DUPLEX\AppData\Local\Programs\MiKTeX\tex/latex/newfloat\newfloat.sty
Package: newfloat 2019/09/02 v1.1l Defining new floating environments (AR)
Package newfloat Info: Document class `report' detected.
Package newfloat Info: `wrapfig' package detected.
) (C:\Users\DUPLEX\AppData\Local\Programs\MiKTeX\tex/latex/currfile\currfile.st
y
Package: currfile 2020/09/29 v0.7d Provides the file path elements of the curre
nt input file

(C:\Users\DUPLEX\AppData\Local\Programs\MiKTeX\tex/latex/kvoptions\kvoptions.st
y
Package: kvoptions 2020-10-07 v3.14 Key value format for package options (HO)

(C:\Users\DUPLEX\AppData\Local\Programs\MiKTeX\tex/generic/ltxcmds\ltxcmds.sty
Package: ltxcmds 2020-05-10 v1.25 LaTeX kernel commands for general use (HO)
)
(C:\Users\DUPLEX\AppData\Local\Programs\MiKTeX\tex/generic/kvsetkeys\kvsetkeys.
sty
Package: kvsetkeys 2019/12/15 v1.18 Key value parser (HO)
))
(C:\Users\DUPLEX\AppData\Local\Programs\MiKTeX\tex/latex/filehook\filehook.sty
Package: filehook 2020/09/29 v0.8a Hooks for input files

(C:\Users\DUPLEX\AppData\Local\Programs\MiKTeX\tex/latex/filehook\filehook-2020
.sty
Package: filehook-2020 2020/09/29 v0.8a Hooks for input files
))
\c@currfiledepth=\count307
)
\pytx@codefile=\write4
\openout4 = `mi_is_report_v4.pytxcode'.

\c@pytx@FancyVerbLineTemp=\count308
\c@pytx@py@default@default=\count309
\c@pytx@pycon@default@default=\count310
\c@pytx@sympy@default@default=\count311
\c@pytx@sympycon@default@default=\count312
\c@pytx@pylab@default@default=\count313
\c@pytx@pylabcon@default@default=\count314
)
(C:\Users\DUPLEX\AppData\Local\Programs\MiKTeX\tex/latex/listings\listings.sty
\lst@mode=\count315
\lst@gtempboxa=\box64
\lst@token=\toks41
\lst@length=\count316
\lst@currlwidth=\dimen175
\lst@column=\count317
\lst@pos=\count318
\lst@lostspace=\dimen176
\lst@width=\dimen177
\lst@newlines=\count319
\lst@lineno=\count320
\lst@maxwidth=\dimen178

(C:\Users\DUPLEX\AppData\Local\Programs\MiKTeX\tex/latex/listings\lstmisc.sty
File: lstmisc.sty 2020/03/24 1.8d (Carsten Heinz)
\c@lstnumber=\count321
\lst@skipnumbers=\count322
\lst@framebox=\box65
)
(C:\Users\DUPLEX\AppData\Local\Programs\MiKTeX\tex/latex/listings\listings.cfg
File: listings.cfg 2020/03/24 1.8d listings configuration
))
Package: listings 2020/03/24 1.8d (Carsten Heinz)
 (C:\Users\DUPLEX\AppData\Local\Programs\MiKTeX\tex/latex/xcolor\xcolor.sty
Package: xcolor 2021/10/31 v2.13 LaTeX color extensions (UK)

(C:\Users\DUPLEX\AppData\Local\Programs\MiKTeX\tex/latex/graphics-cfg\color.cfg
File: color.cfg 2016/01/02 v1.6 sample color configuration
)
Package xcolor Info: Driver file: pdftex.def on input line 227.
Package xcolor Info: Model `cmy' substituted by `cmy0' on input line 1352.
Package xcolor Info: Model `hsb' substituted by `rgb' on input line 1356.
Package xcolor Info: Model `RGB' extended on input line 1368.
Package xcolor Info: Model `HTML' substituted by `rgb' on input line 1370.
Package xcolor Info: Model `Hsb' substituted by `hsb' on input line 1371.
Package xcolor Info: Model `tHsb' substituted by `hsb' on input line 1372.
Package xcolor Info: Model `HSB' substituted by `hsb' on input line 1373.
Package xcolor Info: Model `Gray' substituted by `gray' on input line 1374.
Package xcolor Info: Model `wave' substituted by `hsb' on input line 1375.
) (C:\Users\DUPLEX\AppData\Local\Programs\MiKTeX\tex/latex/tools\layout.sty
Package: layout 2021-03-10 v1.2e Show layout parameters
\oneinch=\count323
\cnt@paperwidth=\count324
\cnt@paperheight=\count325
\cnt@hoffset=\count326
\cnt@voffset=\count327
\cnt@textheight=\count328
\cnt@textwidth=\count329
\cnt@topmargin=\count330
\cnt@oddsidemargin=\count331
\cnt@evensidemargin=\count332
\cnt@headheight=\count333
\cnt@headsep=\count334
\cnt@marginparsep=\count335
\cnt@marginparwidth=\count336
\cnt@marginparpush=\count337
\cnt@footskip=\count338
\fheight=\count339
\ref@top=\count340
\ref@hoffset=\count341
\ref@voffset=\count342
\ref@head=\count343
\ref@body=\count344
\ref@foot=\count345
\ref@margin=\count346
\ref@marginwidth=\count347
\ref@marginpar=\count348
\Interval=\count349
\ExtraYPos=\count350
\PositionX=\count351
\PositionY=\count352
\ArrowLength=\count353
)
(C:\Users\DUPLEX\AppData\Local\Programs\MiKTeX\tex/latex/url\url.sty
\Urlmuskip=\muskip17
Package: url 2013/09/16  ver 3.4  Verb mode for urls, etc.
)
(C:\Users\DUPLEX\AppData\Local\Programs\MiKTeX\tex/latex/setspace\setspace.sty
Package: setspace 2011/12/19 v6.7a set line spacing
) (C:\Users\DUPLEX\AppData\Local\Programs\MiKTeX\tex/latex/geometry\geometry.st
y
Package: geometry 2020/01/02 v5.9 Page Geometry
(C:\Users\DUPLEX\AppData\Local\Programs\MiKTeX\tex/generic/iftex\ifvtex.sty
Package: ifvtex 2019/10/25 v1.7 ifvtex legacy package. Use iftex instead.

(C:\Users\DUPLEX\AppData\Local\Programs\MiKTeX\tex/generic/iftex\iftex.sty
Package: iftex 2020/03/06 v1.0d TeX engine tests
))
\Gm@cnth=\count354
\Gm@cntv=\count355
\c@Gm@tempcnt=\count356
\Gm@bindingoffset=\dimen179
\Gm@wd@mp=\dimen180
\Gm@odd@mp=\dimen181
\Gm@even@mp=\dimen182
\Gm@layoutwidth=\dimen183
\Gm@layoutheight=\dimen184
\Gm@layouthoffset=\dimen185
\Gm@layoutvoffset=\dimen186
\Gm@dimlist=\toks42

(C:\Users\DUPLEX\AppData\Local\Programs\MiKTeX\tex/latex/geometry\geometry.cfg)
)
(C:\Users\DUPLEX\AppData\Local\Programs\MiKTeX\tex/latex/caption\subcaption.sty
Package: subcaption 2020/10/07 v1.3j Sub-captions (AR)
(C:\Users\DUPLEX\AppData\Local\Programs\MiKTeX\tex/latex/caption\caption.sty
Package: caption 2020/10/26 v3.5g Customizing captions (AR)

(C:\Users\DUPLEX\AppData\Local\Programs\MiKTeX\tex/latex/caption\caption3.sty
Package: caption3 2020/10/21 v2.2e caption3 kernel (AR)
\captionmargin=\dimen187
\captionmargin@=\dimen188
\captionwidth=\dimen189
\caption@tempdima=\dimen190
\caption@indent=\dimen191
\caption@parindent=\dimen192
\caption@hangindent=\dimen193
Package caption Info: Standard document class detected.
Package caption Info: french babel package is loaded.
)
\c@caption@flags=\count357
\c@continuedfloat=\count358
Package caption Info: float package is loaded.
Package caption Info: listings package is loaded.
Package caption Info: wrapfig package is loaded.
)
\c@subfigure=\count359
\c@subtable=\count360
)
(C:\Users\DUPLEX\AppData\Local\Programs\MiKTeX\tex/latex/hyperref\hyperref.sty
Package: hyperref 2021-06-07 v7.00m Hypertext links for LaTeX

(C:\Users\DUPLEX\AppData\Local\Programs\MiKTeX\tex/generic/pdftexcmds\pdftexcmd
s.sty
Package: pdftexcmds 2020-06-27 v0.33 Utility functions of pdfTeX for LuaTeX (HO
)

(C:\Users\DUPLEX\AppData\Local\Programs\MiKTeX\tex/generic/infwarerr\infwarerr.
sty
Package: infwarerr 2019/12/03 v1.5 Providing info/warning/error messages (HO)
)
Package pdftexcmds Info: \pdf@primitive is available.
Package pdftexcmds Info: \pdf@ifprimitive is available.
Package pdftexcmds Info: \pdfdraftmode found.
)
(C:\Users\DUPLEX\AppData\Local\Programs\MiKTeX\tex/generic/kvdefinekeys\kvdefin
ekeys.sty
Package: kvdefinekeys 2019-12-19 v1.6 Define keys (HO)
)
(C:\Users\DUPLEX\AppData\Local\Programs\MiKTeX\tex/generic/pdfescape\pdfescape.
sty
Package: pdfescape 2019/12/09 v1.15 Implements pdfTeX's escape features (HO)
)
(C:\Users\DUPLEX\AppData\Local\Programs\MiKTeX\tex/latex/hycolor\hycolor.sty
Package: hycolor 2020-01-27 v1.10 Color options for hyperref/bookmark (HO)
)
(C:\Users\DUPLEX\AppData\Local\Programs\MiKTeX\tex/latex/letltxmacro\letltxmacr
o.sty
Package: letltxmacro 2019/12/03 v1.6 Let assignment for LaTeX macros (HO)
)
(C:\Users\DUPLEX\AppData\Local\Programs\MiKTeX\tex/latex/auxhook\auxhook.sty
Package: auxhook 2019-12-17 v1.6 Hooks for auxiliary files (HO)
)
\@linkdim=\dimen194
\Hy@linkcounter=\count361
\Hy@pagecounter=\count362

(C:\Users\DUPLEX\AppData\Local\Programs\MiKTeX\tex/latex/hyperref\pd1enc.def
File: pd1enc.def 2021-06-07 v7.00m Hyperref: PDFDocEncoding definition (HO)
Now handling font encoding PD1 ...
... no UTF-8 mapping file for font encoding PD1
)
(C:\Users\DUPLEX\AppData\Local\Programs\MiKTeX\tex/latex/hyperref\hyperref-lang
patches.def
File: hyperref-langpatches.def 2021-06-07 v7.00m Hyperref: patches for babel la
nguages
)
(C:\Users\DUPLEX\AppData\Local\Programs\MiKTeX\tex/generic/intcalc\intcalc.sty
Package: intcalc 2019/12/15 v1.3 Expandable calculations with integers (HO)
)
(C:\Users\DUPLEX\AppData\Local\Programs\MiKTeX\tex/generic/etexcmds\etexcmds.st
y
Package: etexcmds 2019/12/15 v1.7 Avoid name clashes with e-TeX commands (HO)
)
\Hy@SavedSpaceFactor=\count363
 (C:\Users\DUPLEX\AppData\Local\Programs\MiKTeX\tex/latex/hyperref\puenc.def
File: puenc.def 2021-06-07 v7.00m Hyperref: PDF Unicode definition (HO)
Now handling font encoding PU ...
... no UTF-8 mapping file for font encoding PU
)
Package hyperref Info: Hyper figures OFF on input line 4192.
Package hyperref Info: Link nesting OFF on input line 4197.
Package hyperref Info: Hyper index ON on input line 4200.
Package hyperref Info: Plain pages OFF on input line 4207.
Package hyperref Info: Backreferencing OFF on input line 4212.
Package hyperref Info: Implicit mode ON; LaTeX internals redefined.
Package hyperref Info: Bookmarks ON on input line 4445.
\c@Hy@tempcnt=\count364
LaTeX Info: Redefining \url on input line 4804.
\XeTeXLinkMargin=\dimen195
(C:\Users\DUPLEX\AppData\Local\Programs\MiKTeX\tex/generic/bitset\bitset.sty
Package: bitset 2019/12/09 v1.3 Handle bit-vector datatype (HO)

(C:\Users\DUPLEX\AppData\Local\Programs\MiKTeX\tex/generic/bigintcalc\bigintcal
c.sty
Package: bigintcalc 2019/12/15 v1.5 Expandable calculations on big integers (HO
)
))
\Fld@menulength=\count365
\Field@Width=\dimen196
\Fld@charsize=\dimen197
Package hyperref Info: Hyper figures OFF on input line 6076.
Package hyperref Info: Link nesting OFF on input line 6081.
Package hyperref Info: Hyper index ON on input line 6084.
Package hyperref Info: backreferencing OFF on input line 6091.
Package hyperref Info: Link coloring OFF on input line 6096.
Package hyperref Info: Link coloring with OCG OFF on input line 6101.
Package hyperref Info: PDF/A mode OFF on input line 6106.
LaTeX Info: Redefining \ref on input line 6146.
LaTeX Info: Redefining \pageref on input line 6150.

(C:\Users\DUPLEX\AppData\Local\Programs\MiKTeX\tex/latex/base\atbegshi-ltx.sty
Package: atbegshi-ltx 2021/01/10 v1.0c Emulation of the original atbegshi
package with kernel methods
)
\Hy@abspage=\count366
\c@Item=\count367
\c@Hfootnote=\count368
)
Package hyperref Info: Driver (autodetected): hpdftex.
 (C:\Users\DUPLEX\AppData\Local\Programs\MiKTeX\tex/latex/hyperref\hpdftex.def
File: hpdftex.def 2021-06-07 v7.00m Hyperref driver for pdfTeX

(C:\Users\DUPLEX\AppData\Local\Programs\MiKTeX\tex/latex/base\atveryend-ltx.sty
Package: atveryend-ltx 2020/08/19 v1.0a Emulation of the original atveryend pac
kage
with kernel methods
)
\Fld@listcount=\count369
\c@bookmark@seq@number=\count370

(C:\Users\DUPLEX\AppData\Local\Programs\MiKTeX\tex/latex/rerunfilecheck\rerunfi
lecheck.sty
Package: rerunfilecheck 2019/12/05 v1.9 Rerun checks for auxiliary files (HO)

(C:\Users\DUPLEX\AppData\Local\Programs\MiKTeX\tex/generic/uniquecounter\unique
counter.sty
Package: uniquecounter 2019/12/15 v1.4 Provide unlimited unique counter (HO)
)
Package uniquecounter Info: New unique counter `rerunfilecheck' on input line 2
86.
)
\Hy@SectionHShift=\skip65
)
Package hyperref Info: Option `colorlinks' set `true' on input line 73.

(C:\Users\DUPLEX\AppData\Local\Programs\MiKTeX\tex/latex/natbib\natbib.sty
Package: natbib 2010/09/13 8.31b (PWD, AO)
\bibhang=\skip66
\bibsep=\skip67
LaTeX Info: Redefining \cite on input line 694.
LaTeX Info: Redefining \citeauthor on input line 712.
LaTeX Info: Redefining \citeyear on input line 735.
\c@NAT@ctr=\count371
)
(C:\Users\DUPLEX\AppData\Local\Programs\MiKTeX\tex/latex/l3backend\l3backend-pd
ftex.def
File: l3backend-pdftex.def 2021-10-18 L3 backend support: PDF output (pdfTeX)
\l__color_backend_stack_int=\count372
\l__pdf_internal_box=\box66
)

LaTeX Warning: Unused global option(s):
    [a4papert].

(mi_is_report_v4.aux

LaTeX Warning: Label `tab:Temperature summary at FKKR' multiply defined.


LaTeX Warning: Label `tab:Temperature summary at FKKN' multiply defined.

)
\openout1 = `mi_is_report_v4.aux'.

LaTeX Font Info:    Checking defaults for OML/cmm/m/it on input line 116.
LaTeX Font Info:    ... okay on input line 116.
LaTeX Font Info:    Checking defaults for OMS/cmsy/m/n on input line 116.
LaTeX Font Info:    ... okay on input line 116.
LaTeX Font Info:    Checking defaults for OT1/cmr/m/n on input line 116.
LaTeX Font Info:    ... okay on input line 116.
LaTeX Font Info:    Checking defaults for T1/cmr/m/n on input line 116.
LaTeX Font Info:    ... okay on input line 116.
LaTeX Font Info:    Checking defaults for TS1/cmr/m/n on input line 116.
LaTeX Font Info:    ... okay on input line 116.
LaTeX Font Info:    Checking defaults for OMX/cmex/m/n on input line 116.
LaTeX Font Info:    ... okay on input line 116.
LaTeX Font Info:    Checking defaults for U/cmr/m/n on input line 116.
LaTeX Font Info:    ... okay on input line 116.
LaTeX Font Info:    Checking defaults for PD1/pdf/m/n on input line 116.
LaTeX Font Info:    ... okay on input line 116.
LaTeX Font Info:    Checking defaults for PU/pdf/m/n on input line 116.
LaTeX Font Info:    ... okay on input line 116.
\c@maskedRefs=\count373
 (C:\Users\DUPLEX\AppData\Local\Programs\MiKTeX\tex/latex/apacite\english.apc
File: english.apc 2013/07/21 v6.03 apacite language file
LaTeX Info: Redefining \BPBI on input line 129.
LaTeX Info: Redefining \BHBI on input line 130.
)
LaTeX Info: Redefining \degres on input line 116.

Package french.ldf Warning: Please load the "natbib" package
(french.ldf)                BEFORE babel/french; reported on input line 116.

LaTeX Info: Redefining \up on input line 116.

(C:\Users\DUPLEX\AppData\Local\Programs\MiKTeX\tex/context/base/mkii\supp-pdf.m
kii
[Loading MPS to PDF converter (version 2006.09.02).]
\scratchcounter=\count374
\scratchdimen=\dimen198
\scratchbox=\box67
\nofMPsegments=\count375
\nofMParguments=\count376
\everyMPshowfont=\toks43
\MPscratchCnt=\count377
\MPscratchDim=\dimen199
\MPnumerator=\count378
\makeMPintoPDFobject=\count379
\everyMPtoPDFconversion=\toks44
)
(C:\Users\DUPLEX\AppData\Local\Programs\MiKTeX\tex/latex/epstopdf-pkg\epstopdf-
base.sty
Package: epstopdf-base 2020-01-24 v2.11 Base part for package epstopdf
Package epstopdf-base Info: Redefining graphics rule for `.eps' on input line 4
85.

(C:\Users\DUPLEX\AppData\Local\Programs\MiKTeX\tex/latex/00miktex\epstopdf-sys.
cfg
File: epstopdf-sys.cfg 2021/03/18 v2.0 Configuration of epstopdf for MiKTeX
))
Package newfloat Info: `float' package detected.

No file pythontex-files-mi_is_report_v4/mi_is_report_v4.pytxmcr.
Run PythonTeX to create it.
Package newfloat Info: New float `listing' with options `fileext=lopytx' on inp
ut line 116.
\c@listing=\count380
Package newfloat Info: float type `listing'=4 on input line 116.
\c@sublisting=\count381
\c@lstlisting=\count382
*geometry* driver: auto-detecting
*geometry* detected driver: pdftex
*geometry* verbose mode - [ preamble ] result:
* driver: pdftex
* paper: <default>
* layout: <same size as paper>
* layoutoffset:(h,v)=(0.0pt,0.0pt)
* modes: 
* h-part:(L,W,R)=(56.9055pt, 500.484pt, 56.9055pt)
* v-part:(T,H,B)=(28.45274pt, 709.61174pt, 56.9055pt)
* \paperwidth=614.295pt
* \paperheight=794.96999pt
* \textwidth=500.484pt
* \textheight=709.61174pt
* \oddsidemargin=-15.36449pt
* \evensidemargin=-15.36449pt
* \topmargin=-80.81725pt
* \headheight=12.0pt
* \headsep=25.0pt
* \topskip=12.0pt
* \footskip=30.0pt
* \marginparwidth=44.0pt
* \marginparsep=10.0pt
* \columnsep=10.0pt
* \skip\footins=10.8pt plus 4.0pt minus 2.0pt
* \hoffset=0.0pt
* \voffset=0.0pt
* \mag=1000
* \@twocolumnfalse
* \@twosidefalse
* \@mparswitchfalse
* \@reversemarginfalse
* (1in=72.27pt=25.4mm, 1cm=28.453pt)

Package caption Info: Begin \AtBeginDocument code.
Package caption Info: hyperref package is loaded.
Package caption Info: End \AtBeginDocument code.
Package hyperref Info: Link coloring ON on input line 116.
(C:\Users\DUPLEX\AppData\Local\Programs\MiKTeX\tex/latex/hyperref\nameref.sty
Package: nameref 2021-04-02 v2.47 Cross-referencing by name of section

(C:\Users\DUPLEX\AppData\Local\Programs\MiKTeX\tex/latex/refcount\refcount.sty
Package: refcount 2019/12/15 v3.6 Data extraction from label references (HO)
)
(C:\Users\DUPLEX\AppData\Local\Programs\MiKTeX\tex/generic/gettitlestring\getti
tlestring.sty
Package: gettitlestring 2019/12/15 v1.6 Cleanup title references (HO)
)
\c@section@level=\count383
)
LaTeX Info: Redefining \ref on input line 116.
LaTeX Info: Redefining \pageref on input line 116.
LaTeX Info: Redefining \nameref on input line 116.
 (mi_is_report_v4.out) (mi_is_report_v4.out)
\@outlinefile=\write5
\openout5 = `mi_is_report_v4.out'.

<imd.jpeg, id=187, 1080.035pt x 1080.035pt>
File: imd.jpeg Graphic file (type jpg)
<use imd.jpeg>
Package pdftex.def Info: imd.jpeg  used on input line 123.
(pdftex.def)             Requested size: 108.00983pt x 108.00983pt.
 (certificate.tex
[1

{C:/Users/DUPLEX/AppData/Local/MiKTeX/fonts/map/pdftex/pdftex.map} <./imd.jpeg>
]
LaTeX Font Info:    Trying to load font information for OT1+lmr on input line 1
0.
 (C:\Users\DUPLEX\AppData\Local\Programs\MiKTeX\tex/latex/lm\ot1lmr.fd
File: ot1lmr.fd 2009/10/30 v1.6 Font defs for Latin Modern
)
LaTeX Font Info:    Trying to load font information for OML+lmm on input line 1
0.

(C:\Users\DUPLEX\AppData\Local\Programs\MiKTeX\tex/latex/lm\omllmm.fd
File: omllmm.fd 2009/10/30 v1.6 Font defs for Latin Modern
)
LaTeX Font Info:    Trying to load font information for OMS+lmsy on input line 
10.

(C:\Users\DUPLEX\AppData\Local\Programs\MiKTeX\tex/latex/lm\omslmsy.fd
File: omslmsy.fd 2009/10/30 v1.6 Font defs for Latin Modern
)
LaTeX Font Info:    Trying to load font information for OMX+lmex on input line 
10.

(C:\Users\DUPLEX\AppData\Local\Programs\MiKTeX\tex/latex/lm\omxlmex.fd
File: omxlmex.fd 2009/10/30 v1.6 Font defs for Latin Modern
)
LaTeX Font Info:    External font `lmex10' loaded for size
(Font)              <12> on input line 10.
LaTeX Font Info:    External font `lmex10' loaded for size
(Font)              <8> on input line 10.
LaTeX Font Info:    External font `lmex10' loaded for size
(Font)              <6> on input line 10.
LaTeX Font Info:    Trying to load font information for U+msa on input line 10.


(C:\Users\DUPLEX\AppData\Local\Programs\MiKTeX\tex/latex/amsfonts\umsa.fd
File: umsa.fd 2013/01/14 v3.01 AMS symbols A
)
LaTeX Font Info:    Trying to load font information for U+msb on input line 10.


(C:\Users\DUPLEX\AppData\Local\Programs\MiKTeX\tex/latex/amsfonts\umsb.fd
File: umsb.fd 2013/01/14 v3.01 AMS symbols B
)
LaTeX Font Info:    Trying to load font information for U+rsfs on input line 10
.

(C:\Users\DUPLEX\AppData\Local\Programs\MiKTeX\tex/latex/jknappen\ursfs.fd
File: ursfs.fd 1998/03/24 rsfs font definition file (jk)
))
[2

] (acknowledgement.tex) [3

] (mi_is_report_v4.toc [4

])
\tf@toc=\write6
\openout6 = `mi_is_report_v4.toc'.

 (introduction_v1.tex
[5]) [1

] (backgroundv1.tex
Chapter 1.

LaTeX Font Warning: Font shape `T1/lmr/bx/sc' undefined
(Font)              using `T1/lmr/bx/n' instead on input line 2.

<image0.png, id=270, 401.24907pt x 284.56313pt>
File: image0.png Graphic file (type png)
<use image0.png>
Package pdftex.def Info: image0.png  used on input line 14.
(pdftex.def)             Requested size: 320.99968pt x 227.6508pt.
[2

 <./image0.png>]
Overfull \hbox (0.1605pt too wide) in paragraph at lines 22--23
[]\T1/lmr/m/n/12 : once the en-ergy makes its way to the tar-get through
 []

<image1.png, id=282, 436.63126pt x 252.945pt>
File: image1.png Graphic file (type png)
<use image1.png>
Package pdftex.def Info: image1.png  used on input line 34.
(pdftex.def)             Requested size: 349.30548pt x 202.35626pt.
[3 <./image1.png>]
<image3.png, id=290, 343.2825pt x 316.93407pt>
File: image3.png Graphic file (type png)
<use image3.png>
Package pdftex.def Info: image3.png  used on input line 50.
(pdftex.def)             Requested size: 274.62636pt x 253.54759pt.

Overfull \hbox (24.38437pt too wide) in paragraph at lines 50--51
 [] 
 []

) [4 <./image3.png>] (goesv2.tex
Chapter 2.
LaTeX Font Info:    Trying to load font information for TS1+lmr on input line 8
.
(C:\Users\DUPLEX\AppData\Local\Programs\MiKTeX\tex/latex/lm\ts1lmr.fd
File: ts1lmr.fd 2009/10/30 v1.6 Font defs for Latin Modern
) [5

]
[6]
<abi_band_image.png, id=311, 625.58719pt x 396.7322pt>
File: abi_band_image.png Graphic file (type png)
<use abi_band_image.png>
Package pdftex.def Info: abi_band_image.png  used on input line 42.
(pdftex.def)             Requested size: 500.47043pt x 317.38617pt.
 [7 <./abi_band_image.png>] [8]) [9] (analysisv1.tex
Chapter 3.
(C:\Users\DUPLEX\AppData\Local\Programs\MiKTeX\tex/latex/listings\lstlang1.sty
File: lstlang1.sty 2020/03/24 1.8d listings language file
) [10

]
LaTeX Font Info:    Trying to load font information for T1+lmtt on input line 2
7.
 (C:\Users\DUPLEX\AppData\Local\Programs\MiKTeX\tex/latex/lm\t1lmtt.fd
File: t1lmtt.fd 2009/10/30 v1.6 Font defs for Latin Modern
)
LaTeX Font Info:    Trying to load font information for TS1+lmtt on input line 
48.

(C:\Users\DUPLEX\AppData\Local\Programs\MiKTeX\tex/latex/lm\ts1lmtt.fd
File: ts1lmtt.fd 2009/10/30 v1.6 Font defs for Latin Modern
)
<file1.png, id=376, 779.91376pt x 196.48407pt>
File: file1.png Graphic file (type png)
<use file1.png>
Package pdftex.def Info: file1.png  used on input line 57.
(pdftex.def)             Requested size: 467.95187pt x 117.89134pt.

[11 <./file1.png>]
(C:\Users\DUPLEX\AppData\Local\Programs\MiKTeX\tex/latex/listings\lstlang1.sty
File: lstlang1.sty 2020/03/24 1.8d listings language file
) (C:\Users\DUPLEX\AppData\Local\Programs\MiKTeX\tex/latex/listings\lstlang1.st
y
File: lstlang1.sty 2020/03/24 1.8d listings language file
)
<gdal1.png, id=412, 991.45406pt x 551.81157pt>
File: gdal1.png Graphic file (type png)
<use gdal1.png>
Package pdftex.def Info: gdal1.png  used on input line 84.
(pdftex.def)             Requested size: 495.72581pt x 275.9051pt.
 [12] [13 <./gdal1.png>]
<goes_fulldisk_C01.png, id=448, 722.7pt x 722.7pt>
File: goes_fulldisk_C01.png Graphic file (type png)
<use goes_fulldisk_C01.png>
Package pdftex.def Info: goes_fulldisk_C01.png  used on input line 162.
(pdftex.def)             Requested size: 400.38872pt x 400.38646pt.
<goes_fulldisk_C05.png, id=449, 722.7pt x 722.7pt>
File: goes_fulldisk_C05.png Graphic file (type png)
<use goes_fulldisk_C05.png>
Package pdftex.def Info: goes_fulldisk_C05.png  used on input line 167.
(pdftex.def)             Requested size: 200.19054pt x 200.19322pt.
<goes_fulldisk_C16.png, id=450, 722.7pt x 722.7pt>
File: goes_fulldisk_C16.png Graphic file (type png)
<use goes_fulldisk_C16.png>
Package pdftex.def Info: goes_fulldisk_C16.png  used on input line 173.
(pdftex.def)             Requested size: 200.19054pt x 200.19322pt.


LaTeX Warning: `!h' float specifier changed to `!ht'.

) [14]

LaTeX Warning: Text page 15 contains only floats.

[15 <./goes_fulldisk_C01.png> <./goes_fulldisk_C05.png> <./goes_fulldisk_C16.pn
g>] (analysisv2.tex
Chapter 4.
<cmr_station.png, id=507, 501.37312pt x 468.24937pt>
File: cmr_station.png Graphic file (type png)
<use cmr_station.png>
Package pdftex.def Info: cmr_station.png  used on input line 12.
(pdftex.def)             Requested size: 200.54568pt x 187.29642pt.
[16

 <./cmr_station.png>] [17] [18] [19]
<qgis1.png, id=573, 828.09375pt x 505.13719pt>
File: qgis1.png Graphic file (type png)
<use qgis1.png>
Package pdftex.def Info: qgis1.png  used on input line 151.
(pdftex.def)             Requested size: 414.04587pt x 252.56798pt.
<qgis2.png, id=574, 675.27281pt x 459.21562pt>
File: qgis2.png Graphic file (type png)
<use qgis2.png>
Package pdftex.def Info: qgis2.png  used on input line 162.
(pdftex.def)             Requested size: 337.63557pt x 229.60724pt.
 [20 <./qgis1.png> <./qgis2.png>]
[21] [22]) [23] (analysisv32.tex
Chapter 5.
<tp03.png, id=697, 722.7pt x 481.8pt>
File: tp03.png Graphic file (type png)
<use tp03.png>
Package pdftex.def Info: tp03.png  used on input line 40.
(pdftex.def)             Requested size: 433.62334pt x 289.08221pt.
[24

]
<tp15a.png, id=728, 722.7pt x 481.8pt>
File: tp15a.png Graphic file (type png)
<use tp15a.png>
Package pdftex.def Info: tp15a.png  used on input line 48.
(pdftex.def)             Requested size: 433.62334pt x 289.08221pt.
<rh3a.png, id=729, 1369.115pt x 625.33624pt>
File: rh3a.png Graphic file (type png)
<use rh3a.png>
Package pdftex.def Info: rh3a.png  used on input line 57.
(pdftex.def)             Requested size: 547.6363pt x 250.13007pt.

Overfull \hbox (47.15231pt too wide) in paragraph at lines 57--58
 [] 
 []

[25 <./tp03.png> <./tp15a.png>]
<rh15.png, id=736, 1369.115pt x 625.33624pt>
File: rh15.png Graphic file (type png)
<use rh15.png>
Package pdftex.def Info: rh15.png  used on input line 65.
(pdftex.def)             Requested size: 547.6363pt x 250.13007pt.

Overfull \hbox (47.15231pt too wide) in paragraph at lines 65--66
 [] 
 []

[26 <./rh3a.png> <./rh15.png>]
<sp03.png, id=744, 1369.115pt x 625.33624pt>
File: sp03.png Graphic file (type png)
<use sp03.png>
Package pdftex.def Info: sp03.png  used on input line 74.
(pdftex.def)             Requested size: 547.6363pt x 250.13007pt.

Overfull \hbox (47.15231pt too wide) in paragraph at lines 74--75
 [] 
 []

<sp15a.png, id=745, 1369.115pt x 625.33624pt>
File: sp15a.png Graphic file (type png)
<use sp15a.png>
Package pdftex.def Info: sp15a.png  used on input line 82.
(pdftex.def)             Requested size: 547.6363pt x 250.13007pt.

Overfull \hbox (47.15231pt too wide) in paragraph at lines 82--83
 [] 
 []

[27 <./sp03.png> <./sp15a.png>]
<ws03.png, id=752, 1369.115pt x 625.33624pt>
File: ws03.png Graphic file (type png)
<use ws03.png>
Package pdftex.def Info: ws03.png  used on input line 92.
(pdftex.def)             Requested size: 547.6363pt x 250.13007pt.

Overfull \hbox (47.15231pt too wide) in paragraph at lines 92--93
 [] 
 []

<ws15.png, id=753, 1369.115pt x 625.33624pt>
File: ws15.png Graphic file (type png)
<use ws15.png>
Package pdftex.def Info: ws15.png  used on input line 100.
(pdftex.def)             Requested size: 547.6363pt x 250.13007pt.

Overfull \hbox (47.15231pt too wide) in paragraph at lines 100--101
 [] 
 []

[28 <./ws03.png> <./ws15.png>]
<csv2.png, id=760, 883.80188pt x 301.125pt>
File: csv2.png Graphic file (type png)
<use csv2.png>
Package pdftex.def Info: csv2.png  used on input line 148.
(pdftex.def)             Requested size: 530.28522pt x 180.67638pt.

Overfull \hbox (29.80122pt too wide) in paragraph at lines 148--149
 [] 
 []

[29] [30 <./csv2.png>] [31]
<boxplotFKKNFKKRDeltaP.jpg, id=810, 507.0945pt x 382.42876pt>
File: boxplotFKKNFKKRDeltaP.jpg Graphic file (type jpg)
<use boxplotFKKNFKKRDeltaP.jpg>
Package pdftex.def Info: boxplotFKKNFKKRDeltaP.jpg  used on input line 268.
(pdftex.def)             Requested size: 304.25903pt x 229.45901pt.
 [32]
<boxplotFKKNFKKRDeltaPtime.jpg, id=818, 507.0945pt x 382.42876pt>
File: boxplotFKKNFKKRDeltaPtime.jpg Graphic file (type jpg)
<use boxplotFKKNFKKRDeltaPtime.jpg>
Package pdftex.def Info: boxplotFKKNFKKRDeltaPtime.jpg  used on input line 278.

(pdftex.def)             Requested size: 304.25903pt x 229.45901pt.
 [33 <./boxplotFKKNFKKRDeltaP.jpg> <./boxplotFKKNFKKRDeltaPtime.jpg>]
<fkkr1.png, id=826, 455.45157pt x 343.2825pt>
File: fkkr1.png Graphic file (type png)
<use fkkr1.png>
Package pdftex.def Info: fkkr1.png  used on input line 306.
(pdftex.def)             Requested size: 273.27304pt x 205.97107pt.
<fkkn1.png, id=827, 455.45157pt x 343.2825pt>
File: fkkn1.png Graphic file (type png)
<use fkkn1.png>
Package pdftex.def Info: fkkn1.png  used on input line 330.
(pdftex.def)             Requested size: 273.27304pt x 205.97107pt.
<boxplotFKKNFKKRDeltaRh.jpg, id=828, 507.0945pt x 382.42876pt>
File: boxplotFKKNFKKRDeltaRh.jpg Graphic file (type jpg)
<use boxplotFKKNFKKRDeltaRh.jpg>
Package pdftex.def Info: boxplotFKKNFKKRDeltaRh.jpg  used on input line 341.
(pdftex.def)             Requested size: 304.25903pt x 229.45901pt.
 [34 <./fkkr1.png> <./fkkn1.png>]
<boxplotFKKNFKKRDeltaRhtime.jpg, id=839, 507.0945pt x 382.42876pt>
File: boxplotFKKNFKKRDeltaRhtime.jpg Graphic file (type jpg)
<use boxplotFKKNFKKRDeltaRhtime.jpg>
Package pdftex.def Info: boxplotFKKNFKKRDeltaRhtime.jpg  used on input line 349
.
(pdftex.def)             Requested size: 304.25903pt x 229.45901pt.
 [35 <./boxplotFKKNFKKRDeltaRh.jpg> <./boxplotFKKNFKKRDeltaRhtime.jpg>]
<rhh1.png, id=846, 455.45157pt x 343.2825pt>
File: rhh1.png Graphic file (type png)
<use rhh1.png>
Package pdftex.def Info: rhh1.png  used on input line 376.
(pdftex.def)             Requested size: 273.27304pt x 205.97107pt.
<rhh2.png, id=847, 455.45157pt x 343.2825pt>
File: rhh2.png Graphic file (type png)
<use rhh2.png>
Package pdftex.def Info: rhh2.png  used on input line 402.
(pdftex.def)             Requested size: 273.27304pt x 205.97107pt.
<a1.png, id=848, 455.45157pt x 343.2825pt>
File: a1.png Graphic file (type png)
<use a1.png>
Package pdftex.def Info: a1.png  used on input line 410.
(pdftex.def)             Requested size: 273.27304pt x 205.97107pt.
 [36 <./rhh1.png> <./rhh2.png>]
<a2.png, id=859, 455.45157pt x 343.2825pt>
File: a2.png Graphic file (type png)
<use a2.png>
Package pdftex.def Info: a2.png  used on input line 418.
(pdftex.def)             Requested size: 273.27304pt x 205.97107pt.

[37 <./a1.png> <./a2.png>]
<a3.png, id=868, 455.45157pt x 343.2825pt>
File: a3.png Graphic file (type png)
<use a3.png>
Package pdftex.def Info: a3.png  used on input line 441.
(pdftex.def)             Requested size: 273.27304pt x 205.97107pt.
<a4.png, id=869, 455.45157pt x 343.2825pt>
File: a4.png Graphic file (type png)
<use a4.png>
Package pdftex.def Info: a4.png  used on input line 464.
(pdftex.def)             Requested size: 273.27304pt x 205.97107pt.
) (conclusionv3.tex [38 <./a3.png> <./a4.png>])
[39

] (mi_is_report_v4.bbl) [40

] (mi_is_report_v4.aux)

LaTeX Font Warning: Some font shapes were not available, defaults substituted.


LaTeX Warning: There were multiply-defined labels.

Package rerunfilecheck Info: File `mi_is_report_v4.out' has not changed.
(rerunfilecheck)             Checksum: D8063EB21BDD0D1D70F4A77B55946613;9188.
 ) 
Here is how much of TeX's memory you used:
 21546 strings out of 478659
 358713 string characters out of 2845446
 1331863 words of memory out of 3000000
 38776 multiletter control sequences out of 15000+600000
 466991 words of font info for 68 fonts, out of 8000000 for 9000
 1141 hyphenation exceptions out of 8191
 76i,11n,81p,815b,1956s stack positions out of 5000i,500n,10000p,200000b,80000s
{C:/Users/DUPLEX/AppData/Local/Programs/MiKTeX/fonts/enc/dvips/lm/lm-ec.enc}{
C:/Users/DUPLEX/AppData/Local/Programs/MiKTeX/fonts/enc/dvips/lm/lm-ts1.enc}<C:
/Users/DUPLEX/AppData/Local/Programs/MiKTeX/fonts/type1/public/lm/lmbx10.pfb><C
:/Users/DUPLEX/AppData/Local/Programs/MiKTeX/fonts/type1/public/lm/lmbx12.pfb><
C:/Users/DUPLEX/AppData/Local/Programs/MiKTeX/fonts/type1/public/lm/lmcsc10.pfb
><C:/Users/DUPLEX/AppData/Local/Programs/MiKTeX/fonts/type1/public/lm/lmr10.pfb
><C:/Users/DUPLEX/AppData/Local/Programs/MiKTeX/fonts/type1/public/lm/lmr12.pfb
><C:/Users/DUPLEX/AppData/Local/Programs/MiKTeX/fonts/type1/public/lm/lmr17.pfb
><C:/Users/DUPLEX/AppData/Local/Programs/MiKTeX/fonts/type1/public/lm/lmr6.pfb>
<C:/Users/DUPLEX/AppData/Local/Programs/MiKTeX/fonts/type1/public/lm/lmr8.pfb><
C:/Users/DUPLEX/AppData/Local/Programs/MiKTeX/fonts/type1/public/lm/lmri12.pfb>
<C:/Users/DUPLEX/AppData/Local/Programs/MiKTeX/fonts/type1/public/lm/lmtt10.pfb
>
Output written on mi_is_report_v4.pdf (45 pages, 2543309 bytes).
PDF statistics:
 1055 PDF objects out of 1200 (max. 8388607)
 462 named destinations out of 1000 (max. 500000)
 539 words of extra memory for PDF output out of 10000 (max. 10000000)

