This is pdfTeX, Version 3.141592653-2.6-1.40.24 (MiKTeX 21.12) (preloaded format=pdflatex 2022.2.13)  19 FEB 2022 07:51
entering extended mode
 restricted \write18 enabled.
 %&-line parsing enabled.
**./mi_is_report.tex
(mi_is_report.tex
LaTeX2e <2021-11-15> patch level 1
L3 programming layer <2021-11-22>
(C:\Users\DUPLEX\AppData\Local\Programs\MiKTeX\tex/latex/base\report.cls
Document Class: report 2021/10/04 v1.4n Standard LaTeX document class
(C:\Users\DUPLEX\AppData\Local\Programs\MiKTeX\tex/latex/base\size12.clo
File: size12.clo 2021/10/04 v1.4n Standard LaTeX file (size option)
)
\c@part=\count183
\c@chapter=\count184
\c@section=\count185
\c@subsection=\count186
\c@subsubsection=\count187
\c@paragraph=\count188
\c@subparagraph=\count189
\c@figure=\count190
\c@table=\count191
\abovecaptionskip=\skip47
\belowcaptionskip=\skip48
\bibindent=\dimen138
)
(C:\Users\DUPLEX\AppData\Local\Programs\MiKTeX\tex/latex/lm\lmodern.sty
Package: lmodern 2009/10/30 v1.6 Latin Modern Fonts
LaTeX Font Info:    Overwriting symbol font `operators' in version `normal'
(Font)                  OT1/cmr/m/n --> OT1/lmr/m/n on input line 22.
LaTeX Font Info:    Overwriting symbol font `letters' in version `normal'
(Font)                  OML/cmm/m/it --> OML/lmm/m/it on input line 23.
LaTeX Font Info:    Overwriting symbol font `symbols' in version `normal'
(Font)                  OMS/cmsy/m/n --> OMS/lmsy/m/n on input line 24.
LaTeX Font Info:    Overwriting symbol font `largesymbols' in version `normal'
(Font)                  OMX/cmex/m/n --> OMX/lmex/m/n on input line 25.
LaTeX Font Info:    Overwriting symbol font `operators' in version `bold'
(Font)                  OT1/cmr/bx/n --> OT1/lmr/bx/n on input line 26.
LaTeX Font Info:    Overwriting symbol font `letters' in version `bold'
(Font)                  OML/cmm/b/it --> OML/lmm/b/it on input line 27.
LaTeX Font Info:    Overwriting symbol font `symbols' in version `bold'
(Font)                  OMS/cmsy/b/n --> OMS/lmsy/b/n on input line 28.
LaTeX Font Info:    Overwriting symbol font `largesymbols' in version `bold'
(Font)                  OMX/cmex/m/n --> OMX/lmex/m/n on input line 29.
LaTeX Font Info:    Overwriting math alphabet `\mathbf' in version `normal'
(Font)                  OT1/cmr/bx/n --> OT1/lmr/bx/n on input line 31.
LaTeX Font Info:    Overwriting math alphabet `\mathsf' in version `normal'
(Font)                  OT1/cmss/m/n --> OT1/lmss/m/n on input line 32.
LaTeX Font Info:    Overwriting math alphabet `\mathit' in version `normal'
(Font)                  OT1/cmr/m/it --> OT1/lmr/m/it on input line 33.
LaTeX Font Info:    Overwriting math alphabet `\mathtt' in version `normal'
(Font)                  OT1/cmtt/m/n --> OT1/lmtt/m/n on input line 34.
LaTeX Font Info:    Overwriting math alphabet `\mathbf' in version `bold'
(Font)                  OT1/cmr/bx/n --> OT1/lmr/bx/n on input line 35.
LaTeX Font Info:    Overwriting math alphabet `\mathsf' in version `bold'
(Font)                  OT1/cmss/bx/n --> OT1/lmss/bx/n on input line 36.
LaTeX Font Info:    Overwriting math alphabet `\mathit' in version `bold'
(Font)                  OT1/cmr/bx/it --> OT1/lmr/bx/it on input line 37.
LaTeX Font Info:    Overwriting math alphabet `\mathtt' in version `bold'
(Font)                  OT1/cmtt/m/n --> OT1/lmtt/m/n on input line 38.
)
(C:\Users\DUPLEX\AppData\Local\Programs\MiKTeX\tex/latex/base\inputenc.sty
Package: inputenc 2021/02/14 v1.3d Input encoding file
\inpenc@prehook=\toks16
\inpenc@posthook=\toks17
)
(C:\Users\DUPLEX\AppData\Local\Programs\MiKTeX\tex/latex/amsmath\amsmath.sty
Package: amsmath 2021/10/15 v2.17l AMS math features
\@mathmargin=\skip49

For additional information on amsmath, use the `?' option.
(C:\Users\DUPLEX\AppData\Local\Programs\MiKTeX\tex/latex/amsmath\amstext.sty
Package: amstext 2021/08/26 v2.01 AMS text

(C:\Users\DUPLEX\AppData\Local\Programs\MiKTeX\tex/latex/amsmath\amsgen.sty
File: amsgen.sty 1999/11/30 v2.0 generic functions
\@emptytoks=\toks18
\ex@=\dimen139
))
(C:\Users\DUPLEX\AppData\Local\Programs\MiKTeX\tex/latex/amsmath\amsbsy.sty
Package: amsbsy 1999/11/29 v1.2d Bold Symbols
\pmbraise@=\dimen140
)
(C:\Users\DUPLEX\AppData\Local\Programs\MiKTeX\tex/latex/amsmath\amsopn.sty
Package: amsopn 2021/08/26 v2.02 operator names
)
\inf@bad=\count192
LaTeX Info: Redefining \frac on input line 234.
\uproot@=\count193
\leftroot@=\count194
LaTeX Info: Redefining \overline on input line 399.
\classnum@=\count195
\DOTSCASE@=\count196
LaTeX Info: Redefining \ldots on input line 496.
LaTeX Info: Redefining \dots on input line 499.
LaTeX Info: Redefining \cdots on input line 620.
\Mathstrutbox@=\box50
\strutbox@=\box51
\big@size=\dimen141
LaTeX Font Info:    Redeclaring font encoding OML on input line 743.
LaTeX Font Info:    Redeclaring font encoding OMS on input line 744.
\macc@depth=\count197
\c@MaxMatrixCols=\count198
\dotsspace@=\muskip16
\c@parentequation=\count199
\dspbrk@lvl=\count266
\tag@help=\toks19
\row@=\count267
\column@=\count268
\maxfields@=\count269
\andhelp@=\toks20
\eqnshift@=\dimen142
\alignsep@=\dimen143
\tagshift@=\dimen144
\tagwidth@=\dimen145
\totwidth@=\dimen146
\lineht@=\dimen147
\@envbody=\toks21
\multlinegap=\skip50
\multlinetaggap=\skip51
\mathdisplay@stack=\toks22
LaTeX Info: Redefining \[ on input line 2938.
LaTeX Info: Redefining \] on input line 2939.
)
(C:\Users\DUPLEX\AppData\Local\Programs\MiKTeX\tex/latex/amsfonts\amssymb.sty
Package: amssymb 2013/01/14 v3.01 AMS font symbols

(C:\Users\DUPLEX\AppData\Local\Programs\MiKTeX\tex/latex/amsfonts\amsfonts.sty
Package: amsfonts 2013/01/14 v3.01 Basic AMSFonts support
\symAMSa=\mathgroup4
\symAMSb=\mathgroup5
LaTeX Font Info:    Redeclaring math symbol \hbar on input line 98.
LaTeX Font Info:    Overwriting math alphabet `\mathfrak' in version `bold'
(Font)                  U/euf/m/n --> U/euf/b/n on input line 106.
)) (C:\Users\DUPLEX\AppData\Local\Programs\MiKTeX\tex/latex/amscls\amsthm.sty
Package: amsthm 2020/05/29 v2.20.6
\thm@style=\toks23
\thm@bodyfont=\toks24
\thm@headfont=\toks25
\thm@notefont=\toks26
\thm@headpunct=\toks27
\thm@preskip=\skip52
\thm@postskip=\skip53
\thm@headsep=\skip54
\dth@everypar=\toks28
)
(C:\Users\DUPLEX\AppData\Local\Programs\MiKTeX\tex/latex/jknappen\mathrsfs.sty
Package: mathrsfs 1996/01/01 Math RSFS package v1.0 (jk)
\symrsfs=\mathgroup6
) (C:\Users\DUPLEX\AppData\Local\Programs\MiKTeX\tex/generic/babel\babel.sty
Package: babel 2021/11/29 3.67 The Babel package
\babel@savecnt=\count270
\U@D=\dimen148
\l@unhyphenated=\language79

(C:\Users\DUPLEX\AppData\Local\Programs\MiKTeX\tex/generic/babel\txtbabel.def)
\bbl@readstream=\read2
\bbl@dirlevel=\count271

*************************************
* Local config file bblopts.cfg used
*
(C:\Users\DUPLEX\AppData\Local\Programs\MiKTeX\tex/latex/arabi\bblopts.cfg
File: bblopts.cfg 2005/09/08 v0.1 add Arabic and Farsi to "declared" options of
 babel
)
(C:\Users\DUPLEX\AppData\Local\Programs\MiKTeX\tex/generic/babel-french\francai
s.ldf
Language: francais 2021/07/20 v3.5m French support from the babel system


Package francais.ldf Warning: Option `francais' for Babel is *deprecated*,
(francais.ldf)                it might be removed sooner or later. Please
(francais.ldf)                use `french' instead; reported on input line 31.


(C:\Users\DUPLEX\AppData\Local\Programs\MiKTeX\tex/generic/babel-french\french.
ldf
Language: french 2021/07/20 v3.5m French support from the babel system
Package babel Info: Hyphen rules for 'acadian' set to \l@french
(babel)             (\language22). Reported on input line 91.
Package babel Info: Hyphen rules for 'canadien' set to \l@french
(babel)             (\language22). Reported on input line 92.
\FB@nonchar=\count272
Package babel Info: Making : an active character on input line 430.
Package babel Info: Making ; an active character on input line 431.
Package babel Info: Making ! an active character on input line 432.
Package babel Info: Making ? an active character on input line 433.
\FBguill@level=\count273
\FBold@everypar=\toks29
\FB@Mht=\dimen149
\mc@charclass=\count274
\mc@charfam=\count275
\mc@charslot=\count276
\std@mcc=\count277
\dec@mcc=\count278
\listindentFB=\dimen150
\descindentFB=\dimen151
\labelindentFB=\dimen152
\labelwidthFB=\dimen153
\leftmarginFB=\dimen154
\parindentFFN=\dimen155
\FBfnindent=\dimen156
))
(C:\Users\DUPLEX\AppData\Local\Programs\MiKTeX\tex/latex/babel-english\english.
ldf
Language: english 2017/06/06 v3.3r English support from the babel system
Package babel Info: Hyphen rules for 'canadian' set to \l@english
(babel)             (\language0). Reported on input line 102.
Package babel Info: Hyphen rules for 'australian' set to \l@ukenglish
(babel)             (\language73). Reported on input line 105.
Package babel Info: Hyphen rules for 'newzealand' set to \l@ukenglish
(babel)             (\language73). Reported on input line 108.
))
(C:\Users\DUPLEX\AppData\Local\Programs\MiKTeX\tex/latex/carlisle\scalefnt.sty)
(C:\Users\DUPLEX\AppData\Local\Programs\MiKTeX\tex/latex/graphics\keyval.sty
Package: keyval 2014/10/28 v1.15 key=value parser (DPC)
\KV@toks@=\toks30
)
(C:\Users\DUPLEX\AppData\Local\Programs\MiKTeX\tex/latex/base\fontenc.sty
Package: fontenc 2021/04/29 v2.0v Standard LaTeX package
LaTeX Font Info:    Trying to load font information for T1+lmr on input line 11
2.

(C:\Users\DUPLEX\AppData\Local\Programs\MiKTeX\tex/latex/lm\t1lmr.fd
File: t1lmr.fd 2009/10/30 v1.6 Font defs for Latin Modern
))
(C:\Users\DUPLEX\AppData\Local\Programs\MiKTeX\tex/latex/float\float.sty
Package: float 2001/11/08 v1.3d Float enhancements (AL)
\c@float@type=\count279
\float@exts=\toks31
\float@box=\box52
\@float@everytoks=\toks32
\@floatcapt=\box53
)
(C:\Users\DUPLEX\AppData\Local\Programs\MiKTeX\tex/latex/eurosym\eurosym.sty
Package: eurosym 1998/08/06 v1.1 European currency symbol ``Euro''
\@eurobox=\box54
)
(C:\Users\DUPLEX\AppData\Local\Programs\MiKTeX\tex/latex/tools\array.sty
Package: array 2021/10/04 v2.5f Tabular extension package (FMi)
\col@sep=\dimen157
\ar@mcellbox=\box55
\extrarowheight=\dimen158
\NC@list=\toks33
\extratabsurround=\skip55
\backup@length=\skip56
\ar@cellbox=\box56
)
(C:\Users\DUPLEX\AppData\Local\Programs\MiKTeX\tex/latex/multirow\multirow.sty
Package: multirow 2021/03/15 v2.8 Span multiple rows of a table
\multirow@colwidth=\skip57
\multirow@cntb=\count280
\multirow@dima=\skip58
\bigstrutjot=\dimen159
) (C:\Users\DUPLEX\AppData\Local\Programs\MiKTeX\tex/latex/wrapfig\wrapfig.sty
\wrapoverhang=\dimen160
\WF@size=\dimen161
\c@WF@wrappedlines=\count281
\WF@box=\box57
\WF@everypar=\toks34
Package: wrapfig 2003/01/31  v 3.6
)
(C:\Users\DUPLEX\AppData\Local\Programs\MiKTeX\tex/latex/graphics\graphicx.sty
Package: graphicx 2021/09/16 v1.2d Enhanced LaTeX Graphics (DPC,SPQR)

(C:\Users\DUPLEX\AppData\Local\Programs\MiKTeX\tex/latex/graphics\graphics.sty
Package: graphics 2021/03/04 v1.4d Standard LaTeX Graphics (DPC,SPQR)

(C:\Users\DUPLEX\AppData\Local\Programs\MiKTeX\tex/latex/graphics\trig.sty
Package: trig 2021/08/11 v1.11 sin cos tan (DPC)
)
(C:\Users\DUPLEX\AppData\Local\Programs\MiKTeX\tex/latex/graphics-cfg\graphics.
cfg
File: graphics.cfg 2016/06/04 v1.11 sample graphics configuration
)
Package graphics Info: Driver file: pdftex.def on input line 107.

(C:\Users\DUPLEX\AppData\Local\Programs\MiKTeX\tex/latex/graphics-def\pdftex.de
f
File: pdftex.def 2020/10/05 v1.2a Graphics/color driver for pdftex
))
\Gin@req@height=\dimen162
\Gin@req@width=\dimen163
)
(C:\Users\DUPLEX\AppData\Local\Programs\MiKTeX\tex/latex/hyperref\hyperref.sty
Package: hyperref 2021-06-07 v7.00m Hypertext links for LaTeX

(C:\Users\DUPLEX\AppData\Local\Programs\MiKTeX\tex/generic/ltxcmds\ltxcmds.sty
Package: ltxcmds 2020-05-10 v1.25 LaTeX kernel commands for general use (HO)
) (C:\Users\DUPLEX\AppData\Local\Programs\MiKTeX\tex/generic/iftex\iftex.sty
Package: iftex 2020/03/06 v1.0d TeX engine tests
)
(C:\Users\DUPLEX\AppData\Local\Programs\MiKTeX\tex/generic/pdftexcmds\pdftexcmd
s.sty
Package: pdftexcmds 2020-06-27 v0.33 Utility functions of pdfTeX for LuaTeX (HO
)

(C:\Users\DUPLEX\AppData\Local\Programs\MiKTeX\tex/generic/infwarerr\infwarerr.
sty
Package: infwarerr 2019/12/03 v1.5 Providing info/warning/error messages (HO)
)
Package pdftexcmds Info: \pdf@primitive is available.
Package pdftexcmds Info: \pdf@ifprimitive is available.
Package pdftexcmds Info: \pdfdraftmode found.
)
(C:\Users\DUPLEX\AppData\Local\Programs\MiKTeX\tex/generic/kvsetkeys\kvsetkeys.
sty
Package: kvsetkeys 2019/12/15 v1.18 Key value parser (HO)
)
(C:\Users\DUPLEX\AppData\Local\Programs\MiKTeX\tex/generic/kvdefinekeys\kvdefin
ekeys.sty
Package: kvdefinekeys 2019-12-19 v1.6 Define keys (HO)
)
(C:\Users\DUPLEX\AppData\Local\Programs\MiKTeX\tex/generic/pdfescape\pdfescape.
sty
Package: pdfescape 2019/12/09 v1.15 Implements pdfTeX's escape features (HO)
)
(C:\Users\DUPLEX\AppData\Local\Programs\MiKTeX\tex/latex/hycolor\hycolor.sty
Package: hycolor 2020-01-27 v1.10 Color options for hyperref/bookmark (HO)
)
(C:\Users\DUPLEX\AppData\Local\Programs\MiKTeX\tex/latex/letltxmacro\letltxmacr
o.sty
Package: letltxmacro 2019/12/03 v1.6 Let assignment for LaTeX macros (HO)
)
(C:\Users\DUPLEX\AppData\Local\Programs\MiKTeX\tex/latex/auxhook\auxhook.sty
Package: auxhook 2019-12-17 v1.6 Hooks for auxiliary files (HO)
)
(C:\Users\DUPLEX\AppData\Local\Programs\MiKTeX\tex/latex/kvoptions\kvoptions.st
y
Package: kvoptions 2020-10-07 v3.14 Key value format for package options (HO)
)
\@linkdim=\dimen164
\Hy@linkcounter=\count282
\Hy@pagecounter=\count283
 (C:\Users\DUPLEX\AppData\Local\Programs\MiKTeX\tex/latex/hyperref\pd1enc.def
File: pd1enc.def 2021-06-07 v7.00m Hyperref: PDFDocEncoding definition (HO)
Now handling font encoding PD1 ...
... no UTF-8 mapping file for font encoding PD1
)
(C:\Users\DUPLEX\AppData\Local\Programs\MiKTeX\tex/latex/hyperref\hyperref-lang
patches.def
File: hyperref-langpatches.def 2021-06-07 v7.00m Hyperref: patches for babel la
nguages
)
(C:\Users\DUPLEX\AppData\Local\Programs\MiKTeX\tex/generic/intcalc\intcalc.sty
Package: intcalc 2019/12/15 v1.3 Expandable calculations with integers (HO)
)
(C:\Users\DUPLEX\AppData\Local\Programs\MiKTeX\tex/generic/etexcmds\etexcmds.st
y
Package: etexcmds 2019/12/15 v1.7 Avoid name clashes with e-TeX commands (HO)
)
\Hy@SavedSpaceFactor=\count284
 (C:\Users\DUPLEX\AppData\Local\Programs\MiKTeX\tex/latex/hyperref\puenc.def
File: puenc.def 2021-06-07 v7.00m Hyperref: PDF Unicode definition (HO)
Now handling font encoding PU ...
... no UTF-8 mapping file for font encoding PU
)
Package hyperref Info: Hyper figures OFF on input line 4192.
Package hyperref Info: Link nesting OFF on input line 4197.
Package hyperref Info: Hyper index ON on input line 4200.
Package hyperref Info: Plain pages OFF on input line 4207.
Package hyperref Info: Backreferencing OFF on input line 4212.
Package hyperref Info: Implicit mode ON; LaTeX internals redefined.
Package hyperref Info: Bookmarks ON on input line 4445.
\c@Hy@tempcnt=\count285
(C:\Users\DUPLEX\AppData\Local\Programs\MiKTeX\tex/latex/url\url.sty
\Urlmuskip=\muskip17
Package: url 2013/09/16  ver 3.4  Verb mode for urls, etc.
)
LaTeX Info: Redefining \url on input line 4804.
\XeTeXLinkMargin=\dimen165

(C:\Users\DUPLEX\AppData\Local\Programs\MiKTeX\tex/generic/bitset\bitset.sty
Package: bitset 2019/12/09 v1.3 Handle bit-vector datatype (HO)

(C:\Users\DUPLEX\AppData\Local\Programs\MiKTeX\tex/generic/bigintcalc\bigintcal
c.sty
Package: bigintcalc 2019/12/15 v1.5 Expandable calculations on big integers (HO
)
))
\Fld@menulength=\count286
\Field@Width=\dimen166
\Fld@charsize=\dimen167
Package hyperref Info: Hyper figures OFF on input line 6076.
Package hyperref Info: Link nesting OFF on input line 6081.
Package hyperref Info: Hyper index ON on input line 6084.
Package hyperref Info: backreferencing OFF on input line 6091.
Package hyperref Info: Link coloring OFF on input line 6096.
Package hyperref Info: Link coloring with OCG OFF on input line 6101.
Package hyperref Info: PDF/A mode OFF on input line 6106.
LaTeX Info: Redefining \ref on input line 6146.
LaTeX Info: Redefining \pageref on input line 6150.

(C:\Users\DUPLEX\AppData\Local\Programs\MiKTeX\tex/latex/base\atbegshi-ltx.sty
Package: atbegshi-ltx 2021/01/10 v1.0c Emulation of the original atbegshi
package with kernel methods
)
\Hy@abspage=\count287
\c@Item=\count288
\c@Hfootnote=\count289
)
Package hyperref Info: Driver (autodetected): hpdftex.
 (C:\Users\DUPLEX\AppData\Local\Programs\MiKTeX\tex/latex/hyperref\hpdftex.def
File: hpdftex.def 2021-06-07 v7.00m Hyperref driver for pdfTeX

(C:\Users\DUPLEX\AppData\Local\Programs\MiKTeX\tex/latex/base\atveryend-ltx.sty
Package: atveryend-ltx 2020/08/19 v1.0a Emulation of the original atveryend pac
kage
with kernel methods
)
\Fld@listcount=\count290
\c@bookmark@seq@number=\count291

(C:\Users\DUPLEX\AppData\Local\Programs\MiKTeX\tex/latex/rerunfilecheck\rerunfi
lecheck.sty
Package: rerunfilecheck 2019/12/05 v1.9 Rerun checks for auxiliary files (HO)

(C:\Users\DUPLEX\AppData\Local\Programs\MiKTeX\tex/generic/uniquecounter\unique
counter.sty
Package: uniquecounter 2019/12/15 v1.4 Provide unlimited unique counter (HO)
)
Package uniquecounter Info: New unique counter `rerunfilecheck' on input line 2
86.
)
\Hy@SectionHShift=\skip59
)
(C:\Users\DUPLEX\AppData\Local\Programs\MiKTeX\tex/latex/pythontex\pythontex.st
y
Package: pythontex 2021/06/06 v0.18 execute and typeset Python code and other l
anguages
 (C:\Users\DUPLEX\AppData\Local\Programs\MiKTeX\tex/latex/fvextra\fvextra.sty
Package: fvextra 2019/02/04 v1.4 fvextra - extensions and patches for fancyvrb

(C:\Users\DUPLEX\AppData\Local\Programs\MiKTeX\tex/latex/base\ifthen.sty
Package: ifthen 2020/11/24 v1.1c Standard LaTeX ifthen package (DPC)
)
(C:\Users\DUPLEX\AppData\Local\Programs\MiKTeX\tex/latex/etoolbox\etoolbox.sty
Package: etoolbox 2020/10/05 v2.5k e-TeX tools for LaTeX (JAW)
\etb@tempcnta=\count292
) (C:\Users\DUPLEX\AppData\Local\Programs\MiKTeX\tex/latex/fancyvrb\fancyvrb.st
y
Package: fancyvrb 2021/12/21 4.1b verbatim text (tvz,hv)
\FV@CodeLineNo=\count293
\FV@InFile=\read3
\FV@TabBox=\box58
\c@FancyVerbLine=\count294
\FV@StepNumber=\count295
\FV@OutFile=\write3
) (C:\Users\DUPLEX\AppData\Local\Programs\MiKTeX\tex/latex/upquote\upquote.sty
Package: upquote 2012/04/19 v1.3 upright-quote and grave-accent glyphs in verba
tim

(C:\Users\DUPLEX\AppData\Local\Programs\MiKTeX\tex/latex/base\textcomp.sty
Package: textcomp 2020/02/02 v2.0n Standard LaTeX package
))
(C:\Users\DUPLEX\AppData\Local\Programs\MiKTeX\tex/latex/lineno\lineno.sty
Package: lineno 2005/11/02 line numbers on paragraphs v4.41
\linenopenalty=\count296
\output=\toks35
\linenoprevgraf=\count297
\linenumbersep=\dimen168
\linenumberwidth=\dimen169
\c@linenumber=\count298
\c@pagewiselinenumber=\count299
\c@LN@truepage=\count300
\c@internallinenumber=\count301
\c@internallinenumbers=\count302
\quotelinenumbersep=\dimen170
\bframerule=\dimen171
\bframesep=\dimen172
\bframebox=\box59
LaTeX Info: Redefining \\ on input line 3056.
)
\c@FV@TrueTabGroupLevel=\count303
\c@FV@TrueTabCounter=\count304
\FV@TabBox@Group=\box60
\FV@TmpLength=\skip60
\c@FV@HighlightLinesStart=\count305
\c@FV@HighlightLinesStop=\count306
\FV@LoopCount=\count307
\FV@NCharsBox=\box61
\FV@BreakIndent=\dimen173
\FV@BreakIndentNChars=\count308
\FV@BreakSymbolSepLeft=\dimen174
\FV@BreakSymbolSepLeftNChars=\count309
\FV@BreakSymbolSepRight=\dimen175
\FV@BreakSymbolSepRightNChars=\count310
\FV@BreakSymbolIndentLeft=\dimen176
\FV@BreakSymbolIndentLeftNChars=\count311
\FV@BreakSymbolIndentRight=\dimen177
\FV@BreakSymbolIndentRightNChars=\count312
\c@FancyVerbLineBreakLast=\count313
\FV@LineBox=\box62
\FV@LineIndentBox=\box63
\FV@LineWidth=\dimen178
)
(C:\Users\DUPLEX\AppData\Local\Programs\MiKTeX\tex/latex/xstring\xstring.sty
(C:\Users\DUPLEX\AppData\Local\Programs\MiKTeX\tex/generic/xstring\xstring.tex
\integerpart=\count314
\decimalpart=\count315
)
Package: xstring 2021/07/21 v1.84 String manipulations (CT)
) (C:\Users\DUPLEX\AppData\Local\Programs\MiKTeX\tex/latex/pgfopts\pgfopts.sty
Package: pgfopts 2014/07/10 v2.1a LaTeX package options with pgfkeys

(C:\Users\DUPLEX\AppData\Local\Programs\MiKTeX\tex/latex/pgf/utilities\pgfkeys.
sty
(C:\Users\DUPLEX\AppData\Local\Programs\MiKTeX\tex/generic/pgf/utilities\pgfkey
s.code.tex
\pgfkeys@pathtoks=\toks36
\pgfkeys@temptoks=\toks37

(C:\Users\DUPLEX\AppData\Local\Programs\MiKTeX\tex/generic/pgf/utilities\pgfkey
sfiltered.code.tex
\pgfkeys@tmptoks=\toks38
)))
\pgfopts@list@add@a@toks=\toks39
\pgfopts@list@add@b@toks=\toks40
)
(C:\Users\DUPLEX\AppData\Local\Programs\MiKTeX\tex/latex/newfloat\newfloat.sty
Package: newfloat 2019/09/02 v1.1l Defining new floating environments (AR)
Package newfloat Info: Document class `report' detected (Hy).
Package newfloat Info: `wrapfig' package detected.
) (C:\Users\DUPLEX\AppData\Local\Programs\MiKTeX\tex/latex/currfile\currfile.st
y
Package: currfile 2020/09/29 v0.7d Provides the file path elements of the curre
nt input file
(C:\Users\DUPLEX\AppData\Local\Programs\MiKTeX\tex/latex/filehook\filehook.sty
Package: filehook 2020/09/29 v0.8a Hooks for input files

(C:\Users\DUPLEX\AppData\Local\Programs\MiKTeX\tex/latex/filehook\filehook-2020
.sty
Package: filehook-2020 2020/09/29 v0.8a Hooks for input files
))
\c@currfiledepth=\count316
)
\pytx@codefile=\write4
\openout4 = `mi_is_report.pytxcode'.

\c@pytx@FancyVerbLineTemp=\count317
\c@pytx@py@default@default=\count318
\c@pytx@pycon@default@default=\count319
\c@pytx@sympy@default@default=\count320
\c@pytx@sympycon@default@default=\count321
\c@pytx@pylab@default@default=\count322
\c@pytx@pylabcon@default@default=\count323
)
(C:\Users\DUPLEX\AppData\Local\Programs\MiKTeX\tex/latex/listings\listings.sty
\lst@mode=\count324
\lst@gtempboxa=\box64
\lst@token=\toks41
\lst@length=\count325
\lst@currlwidth=\dimen179
\lst@column=\count326
\lst@pos=\count327
\lst@lostspace=\dimen180
\lst@width=\dimen181
\lst@newlines=\count328
\lst@lineno=\count329
\lst@maxwidth=\dimen182

(C:\Users\DUPLEX\AppData\Local\Programs\MiKTeX\tex/latex/listings\lstmisc.sty
File: lstmisc.sty 2020/03/24 1.8d (Carsten Heinz)
\c@lstnumber=\count330
\lst@skipnumbers=\count331
\lst@framebox=\box65
)
(C:\Users\DUPLEX\AppData\Local\Programs\MiKTeX\tex/latex/listings\listings.cfg
File: listings.cfg 2020/03/24 1.8d listings configuration
))
Package: listings 2020/03/24 1.8d (Carsten Heinz)
 (C:\Users\DUPLEX\AppData\Local\Programs\MiKTeX\tex/latex/xcolor\xcolor.sty
Package: xcolor 2021/10/31 v2.13 LaTeX color extensions (UK)

(C:\Users\DUPLEX\AppData\Local\Programs\MiKTeX\tex/latex/graphics-cfg\color.cfg
File: color.cfg 2016/01/02 v1.6 sample color configuration
)
Package xcolor Info: Driver file: pdftex.def on input line 227.
Package xcolor Info: Model `cmy' substituted by `cmy0' on input line 1352.
Package xcolor Info: Model `hsb' substituted by `rgb' on input line 1356.
Package xcolor Info: Model `RGB' extended on input line 1368.
Package xcolor Info: Model `HTML' substituted by `rgb' on input line 1370.
Package xcolor Info: Model `Hsb' substituted by `hsb' on input line 1371.
Package xcolor Info: Model `tHsb' substituted by `hsb' on input line 1372.
Package xcolor Info: Model `HSB' substituted by `hsb' on input line 1373.
Package xcolor Info: Model `Gray' substituted by `gray' on input line 1374.
Package xcolor Info: Model `wave' substituted by `hsb' on input line 1375.
)
Package hyperref Info: Option `colorlinks' set `true' on input line 52.
 (C:\Users\DUPLEX\AppData\Local\Programs\MiKTeX\tex/latex/tools\layout.sty
Package: layout 2021-03-10 v1.2e Show layout parameters
\oneinch=\count332
\cnt@paperwidth=\count333
\cnt@paperheight=\count334
\cnt@hoffset=\count335
\cnt@voffset=\count336
\cnt@textheight=\count337
\cnt@textwidth=\count338
\cnt@topmargin=\count339
\cnt@oddsidemargin=\count340
\cnt@evensidemargin=\count341
\cnt@headheight=\count342
\cnt@headsep=\count343
\cnt@marginparsep=\count344
\cnt@marginparwidth=\count345
\cnt@marginparpush=\count346
\cnt@footskip=\count347
\fheight=\count348
\ref@top=\count349
\ref@hoffset=\count350
\ref@voffset=\count351
\ref@head=\count352
\ref@body=\count353
\ref@foot=\count354
\ref@margin=\count355
\ref@marginwidth=\count356
\ref@marginpar=\count357
\Interval=\count358
\ExtraYPos=\count359
\PositionX=\count360
\PositionY=\count361
\ArrowLength=\count362
)
(C:\Users\DUPLEX\AppData\Local\Programs\MiKTeX\tex/latex/setspace\setspace.sty
Package: setspace 2011/12/19 v6.7a set line spacing
) (C:\Users\DUPLEX\AppData\Local\Programs\MiKTeX\tex/latex/geometry\geometry.st
y
Package: geometry 2020/01/02 v5.9 Page Geometry
(C:\Users\DUPLEX\AppData\Local\Programs\MiKTeX\tex/generic/iftex\ifvtex.sty
Package: ifvtex 2019/10/25 v1.7 ifvtex legacy package. Use iftex instead.
)
\Gm@cnth=\count363
\Gm@cntv=\count364
\c@Gm@tempcnt=\count365
\Gm@bindingoffset=\dimen183
\Gm@wd@mp=\dimen184
\Gm@odd@mp=\dimen185
\Gm@even@mp=\dimen186
\Gm@layoutwidth=\dimen187
\Gm@layoutheight=\dimen188
\Gm@layouthoffset=\dimen189
\Gm@layoutvoffset=\dimen190
\Gm@dimlist=\toks42

(C:\Users\DUPLEX\AppData\Local\Programs\MiKTeX\tex/latex/geometry\geometry.cfg)
)
(C:\Users\DUPLEX\AppData\Local\Programs\MiKTeX\tex/latex/caption\subcaption.sty
Package: subcaption 2020/10/07 v1.3j Sub-captions (AR)
(C:\Users\DUPLEX\AppData\Local\Programs\MiKTeX\tex/latex/caption\caption.sty
Package: caption 2020/10/26 v3.5g Customizing captions (AR)

(C:\Users\DUPLEX\AppData\Local\Programs\MiKTeX\tex/latex/caption\caption3.sty
Package: caption3 2020/10/21 v2.2e caption3 kernel (AR)
\captionmargin=\dimen191
\captionmargin@=\dimen192
\captionwidth=\dimen193
\caption@tempdima=\dimen194
\caption@indent=\dimen195
\caption@parindent=\dimen196
\caption@hangindent=\dimen197
Package caption Info: Standard document class detected.
Package caption Info: french babel package is loaded.
)
\c@caption@flags=\count366
\c@continuedfloat=\count367
Package caption Info: float package is loaded.
Package caption Info: hyperref package is loaded.
Package caption Info: listings package is loaded.
Package caption Info: wrapfig package is loaded.
)
\c@subfigure=\count368
\c@subtable=\count369
)
(C:\Users\DUPLEX\AppData\Local\Programs\MiKTeX\tex/latex/l3backend\l3backend-pd
ftex.def
File: l3backend-pdftex.def 2021-10-18 L3 backend support: PDF output (pdfTeX)
\l__color_backend_stack_int=\count370
\l__pdf_internal_box=\box66
)

LaTeX Warning: Unused global option(s):
    [a4papert].

(mi_is_report.aux

LaTeX Warning: Label `Goes-R Series' multiply defined.


LaTeX Warning: Label `ABI optical components' multiply defined.


LaTeX Warning: Label `Surface Pressure at 03:00 UTC' multiply defined.


LaTeX Warning: Label `Surface Pressure at 15:00 UTC' multiply defined.

)
\openout1 = `mi_is_report.aux'.

LaTeX Font Info:    Checking defaults for OML/cmm/m/it on input line 73.
LaTeX Font Info:    ... okay on input line 73.
LaTeX Font Info:    Checking defaults for OMS/cmsy/m/n on input line 73.
LaTeX Font Info:    ... okay on input line 73.
LaTeX Font Info:    Checking defaults for OT1/cmr/m/n on input line 73.
LaTeX Font Info:    ... okay on input line 73.
LaTeX Font Info:    Checking defaults for T1/cmr/m/n on input line 73.
LaTeX Font Info:    ... okay on input line 73.
LaTeX Font Info:    Checking defaults for TS1/cmr/m/n on input line 73.
LaTeX Font Info:    ... okay on input line 73.
LaTeX Font Info:    Checking defaults for OMX/cmex/m/n on input line 73.
LaTeX Font Info:    ... okay on input line 73.
LaTeX Font Info:    Checking defaults for U/cmr/m/n on input line 73.
LaTeX Font Info:    ... okay on input line 73.
LaTeX Font Info:    Checking defaults for PD1/pdf/m/n on input line 73.
LaTeX Font Info:    ... okay on input line 73.
LaTeX Font Info:    Checking defaults for PU/pdf/m/n on input line 73.
LaTeX Font Info:    ... okay on input line 73.
LaTeX Info: Redefining \degres on input line 73.
LaTeX Info: Redefining \up on input line 73.

(C:\Users\DUPLEX\AppData\Local\Programs\MiKTeX\tex/context/base/mkii\supp-pdf.m
kii
[Loading MPS to PDF converter (version 2006.09.02).]
\scratchcounter=\count371
\scratchdimen=\dimen198
\scratchbox=\box67
\nofMPsegments=\count372
\nofMParguments=\count373
\everyMPshowfont=\toks43
\MPscratchCnt=\count374
\MPscratchDim=\dimen199
\MPnumerator=\count375
\makeMPintoPDFobject=\count376
\everyMPtoPDFconversion=\toks44
)
(C:\Users\DUPLEX\AppData\Local\Programs\MiKTeX\tex/latex/epstopdf-pkg\epstopdf-
base.sty
Package: epstopdf-base 2020-01-24 v2.11 Base part for package epstopdf
Package epstopdf-base Info: Redefining graphics rule for `.eps' on input line 4
85.

(C:\Users\DUPLEX\AppData\Local\Programs\MiKTeX\tex/latex/00miktex\epstopdf-sys.
cfg
File: epstopdf-sys.cfg 2021/03/18 v2.0 Configuration of epstopdf for MiKTeX
))
Package hyperref Info: Link coloring ON on input line 73.

(C:\Users\DUPLEX\AppData\Local\Programs\MiKTeX\tex/latex/hyperref\nameref.sty
Package: nameref 2021-04-02 v2.47 Cross-referencing by name of section

(C:\Users\DUPLEX\AppData\Local\Programs\MiKTeX\tex/latex/refcount\refcount.sty
Package: refcount 2019/12/15 v3.6 Data extraction from label references (HO)
)
(C:\Users\DUPLEX\AppData\Local\Programs\MiKTeX\tex/generic/gettitlestring\getti
tlestring.sty
Package: gettitlestring 2019/12/15 v1.6 Cleanup title references (HO)
)
\c@section@level=\count377
)
LaTeX Info: Redefining \ref on input line 73.
LaTeX Info: Redefining \pageref on input line 73.
LaTeX Info: Redefining \nameref on input line 73.
 (mi_is_report.out) (mi_is_report.out)
\@outlinefile=\write5
\openout5 = `mi_is_report.out'.

Package newfloat Info: `float' package detected.

No file pythontex-files-mi_is_report/mi_is_report.pytxmcr.
Run PythonTeX to create it.
Package newfloat Info: New float `listing' with options `fileext=lopytx' on inp
ut line 73.
\c@listing=\count378
Package newfloat Info: float type `listing'=4 on input line 73.
\c@sublisting=\count379
\c@lstlisting=\count380
*geometry* driver: auto-detecting
*geometry* detected driver: pdftex
*geometry* verbose mode - [ preamble ] result:
* driver: pdftex
* paper: <default>
* layout: <same size as paper>
* layoutoffset:(h,v)=(0.0pt,0.0pt)
* modes: 
* h-part:(L,W,R)=(56.9055pt, 500.484pt, 56.9055pt)
* v-part:(T,H,B)=(28.45274pt, 709.61174pt, 56.9055pt)
* \paperwidth=614.295pt
* \paperheight=794.96999pt
* \textwidth=500.484pt
* \textheight=709.61174pt
* \oddsidemargin=-15.36449pt
* \evensidemargin=-15.36449pt
* \topmargin=-80.81725pt
* \headheight=12.0pt
* \headsep=25.0pt
* \topskip=12.0pt
* \footskip=30.0pt
* \marginparwidth=44.0pt
* \marginparsep=10.0pt
* \columnsep=10.0pt
* \skip\footins=10.8pt plus 4.0pt minus 2.0pt
* \hoffset=0.0pt
* \voffset=0.0pt
* \mag=1000
* \@twocolumnfalse
* \@twosidefalse
* \@mparswitchfalse
* \@reversemarginfalse
* (1in=72.27pt=25.4mm, 1cm=28.453pt)

Package caption Info: Begin \AtBeginDocument code.
Package caption Info: End \AtBeginDocument code.
(certificate.tex
LaTeX Font Info:    Trying to load font information for OT1+lmr on input line 8
.

(C:\Users\DUPLEX\AppData\Local\Programs\MiKTeX\tex/latex/lm\ot1lmr.fd
File: ot1lmr.fd 2009/10/30 v1.6 Font defs for Latin Modern
)
LaTeX Font Info:    Trying to load font information for OML+lmm on input line 8
.

(C:\Users\DUPLEX\AppData\Local\Programs\MiKTeX\tex/latex/lm\omllmm.fd
File: omllmm.fd 2009/10/30 v1.6 Font defs for Latin Modern
)
LaTeX Font Info:    Trying to load font information for OMS+lmsy on input line 
8.

(C:\Users\DUPLEX\AppData\Local\Programs\MiKTeX\tex/latex/lm\omslmsy.fd
File: omslmsy.fd 2009/10/30 v1.6 Font defs for Latin Modern
)
LaTeX Font Info:    Trying to load font information for OMX+lmex on input line 
8.

(C:\Users\DUPLEX\AppData\Local\Programs\MiKTeX\tex/latex/lm\omxlmex.fd
File: omxlmex.fd 2009/10/30 v1.6 Font defs for Latin Modern
)
LaTeX Font Info:    External font `lmex10' loaded for size
(Font)              <12> on input line 8.
LaTeX Font Info:    External font `lmex10' loaded for size
(Font)              <8> on input line 8.
LaTeX Font Info:    External font `lmex10' loaded for size
(Font)              <6> on input line 8.
LaTeX Font Info:    Trying to load font information for U+msa on input line 8.

(C:\Users\DUPLEX\AppData\Local\Programs\MiKTeX\tex/latex/amsfonts\umsa.fd
File: umsa.fd 2013/01/14 v3.01 AMS symbols A
)
LaTeX Font Info:    Trying to load font information for U+msb on input line 8.

(C:\Users\DUPLEX\AppData\Local\Programs\MiKTeX\tex/latex/amsfonts\umsb.fd
File: umsb.fd 2013/01/14 v3.01 AMS symbols B
)
LaTeX Font Info:    Trying to load font information for U+rsfs on input line 8.


(C:\Users\DUPLEX\AppData\Local\Programs\MiKTeX\tex/latex/jknappen\ursfs.fd
File: ursfs.fd 1998/03/24 rsfs font definition file (jk)
))
[1


{C:/Users/DUPLEX/AppData/Local/MiKTeX/fonts/map/pdftex/pdftex.map}]
(acknowledgement.tex) [2

] (introduction.tex)
pdfTeX warning (ext4): destination with the same identifier (name{page.1}) has 
been already used, duplicate ignored
<to be read again> 
                   \relax 
l.119 \newpage
               [1

] (background.tex
Chapter 1.

Overfull \hbox (3.64343pt too wide) in paragraph at lines 13--14
[]\T1/lmr/m/n/12 : as the en-ergy trav-els from its source
 []


Overfull \hbox (0.1605pt too wide) in paragraph at lines 14--15
[]\T1/lmr/m/n/12 : once the en-ergy makes its way to the tar-get through
 []


pdfTeX warning (ext4): destination with the same identifier (name{page.2}) has 
been already used, duplicate ignored
<to be read again> 
                   \relax 
l.18 \item[Step 7-Application (G) ]
                                    the final element of the remote sensing ...
[2

]
<image0.png, id=195, 401.24907pt x 284.56313pt>
File: image0.png Graphic file (type png)
<use image0.png>
Package pdftex.def Info: image0.png  used on input line 22.
(pdftex.def)             Requested size: 320.99968pt x 227.6508pt.
LaTeX Font Info:    Trying to load font information for TS1+lmr on input line 3
3.
 (C:\Users\DUPLEX\AppData\Local\Programs\MiKTeX\tex/latex/lm\ts1lmr.fd
File: ts1lmr.fd 2009/10/30 v1.6 Font defs for Latin Modern
)
[3 <./image0.png>]
<image1.png, id=210, 436.63126pt x 252.945pt>
File: image1.png Graphic file (type png)
<use image1.png>
Package pdftex.def Info: image1.png  used on input line 62.
(pdftex.def)             Requested size: 349.30548pt x 202.35626pt.
<images2.png, id=211, 319.94531pt x 249.93375pt>
File: images2.png Graphic file (type png)
<use images2.png>
Package pdftex.def Info: images2.png  used on input line 77.
(pdftex.def)             Requested size: 255.95659pt x 199.94727pt.
 [4 <./image1.png>]
<image3.png, id=220, 343.2825pt x 316.93407pt>
File: image3.png Graphic file (type png)
<use image3.png>
Package pdftex.def Info: image3.png  used on input line 87.
(pdftex.def)             Requested size: 274.62636pt x 253.54759pt.
 [5 <./images2.png>]
<image4.png, id=229, 524.71031pt x 410.2828pt>
File: image4.png Graphic file (type png)
<use image4.png>
Package pdftex.def Info: image4.png  used on input line 96.
(pdftex.def)             Requested size: 419.7688pt x 328.22668pt.
 [6 <./image3.png>])
[7 <./image4.png>] (goes.tex
Chapter 2.
<goes-r_main_earth_reflection_panel_image.jpg, id=242, 115.632pt x 56.00925pt>
File: goes-r_main_earth_reflection_panel_image.jpg Graphic file (type jpg)
<use goes-r_main_earth_reflection_panel_image.jpg>
Package pdftex.def Info: goes-r_main_earth_reflection_panel_image.jpg  used on 
input line 16.
(pdftex.def)             Requested size: 92.50572pt x 44.80743pt.
<image5.png, id=243, 445.665pt x 431.36156pt>
File: image5.png Graphic file (type png)
<use image5.png>
Package pdftex.def Info: image5.png  used on input line 24.
(pdftex.def)             Requested size: 356.53249pt x 345.0897pt.
[8

 <./goes-r_main_earth_reflection_panel_image.jpg>] [9 <./image5.png>]
<abi_band_image.png, id=257, 625.58719pt x 396.7322pt>
File: abi_band_image.png Graphic file (type png)
<use abi_band_image.png>
Package pdftex.def Info: abi_band_image.png  used on input line 55.
(pdftex.def)             Requested size: 500.47043pt x 317.38617pt.
<abi_pos_image.png, id=258, 640.64343pt x 351.56343pt>
File: abi_pos_image.png Graphic file (type png)
<use abi_pos_image.png>
Package pdftex.def Info: abi_pos_image.png  used on input line 66.
(pdftex.def)             Requested size: 512.51544pt x 281.25111pt.

Overfull \hbox (12.03145pt too wide) in paragraph at lines 66--67
 [] 
 []

[10 <./abi_band_image.png>]
Overfull \hbox (27.3474pt too wide) in paragraph at lines 72--80
[]  
 []

[11 <./abi_pos_image.png>] [12]) [13] (analysis.tex [14]
Chapter 3.
(C:\Users\DUPLEX\AppData\Local\Programs\MiKTeX\tex/latex/listings\lstlang1.sty
File: lstlang1.sty 2020/03/24 1.8d listings language file
) [15

]
LaTeX Font Info:    Trying to load font information for T1+lmtt on input line 2
5.
 (C:\Users\DUPLEX\AppData\Local\Programs\MiKTeX\tex/latex/lm\t1lmtt.fd
File: t1lmtt.fd 2009/10/30 v1.6 Font defs for Latin Modern
)
LaTeX Font Info:    Trying to load font information for TS1+lmtt on input line 
46.

(C:\Users\DUPLEX\AppData\Local\Programs\MiKTeX\tex/latex/lm\ts1lmtt.fd
File: ts1lmtt.fd 2009/10/30 v1.6 Font defs for Latin Modern
)
<file1.png, id=331, 779.91376pt x 196.48407pt>
File: file1.png Graphic file (type png)
<use file1.png>
Package pdftex.def Info: file1.png  used on input line 55.
(pdftex.def)             Requested size: 623.93187pt x 157.18745pt.

Overfull \hbox (123.44788pt too wide) in paragraph at lines 55--56
 [] 
 []

[16]
(C:\Users\DUPLEX\AppData\Local\Programs\MiKTeX\tex/latex/listings\lstlang1.sty
File: lstlang1.sty 2020/03/24 1.8d listings language file
) (C:\Users\DUPLEX\AppData\Local\Programs\MiKTeX\tex/latex/listings\lstlang1.st
y
File: lstlang1.sty 2020/03/24 1.8d listings language file
)
<gdal1.png, id=365, 991.45406pt x 551.81157pt>
File: gdal1.png Graphic file (type png)
<use gdal1.png>
Package pdftex.def Info: gdal1.png  used on input line 82.
(pdftex.def)             Requested size: 495.72581pt x 275.9051pt.
 [17 <./file1.png>] [18 <./gdal1.png>]
<goes_fulldisk_C01.png, id=404, 722.7pt x 722.7pt>
File: goes_fulldisk_C01.png Graphic file (type png)
<use goes_fulldisk_C01.png>
Package pdftex.def Info: goes_fulldisk_C01.png  used on input line 160.
(pdftex.def)             Requested size: 200.19054pt x 200.19322pt.
<goes_fulldisk_C05.png, id=405, 722.7pt x 722.7pt>
File: goes_fulldisk_C05.png Graphic file (type png)
<use goes_fulldisk_C05.png>
Package pdftex.def Info: goes_fulldisk_C05.png  used on input line 165.
(pdftex.def)             Requested size: 200.19054pt x 200.19322pt.
<goes_fulldisk_C11.png, id=406, 722.7pt x 722.7pt>
File: goes_fulldisk_C11.png Graphic file (type png)
<use goes_fulldisk_C11.png>
Package pdftex.def Info: goes_fulldisk_C11.png  used on input line 170.
(pdftex.def)             Requested size: 200.19054pt x 200.19322pt.
<goes_fulldisk_C16.png, id=407, 722.7pt x 722.7pt>
File: goes_fulldisk_C16.png Graphic file (type png)
<use goes_fulldisk_C16.png>
Package pdftex.def Info: goes_fulldisk_C16.png  used on input line 175.
(pdftex.def)             Requested size: 200.19054pt x 200.19322pt.


LaTeX Warning: `!h' float specifier changed to `!ht'.

[19] [20 <./goes_fulldisk_C01.png> <./goes_fulldisk_C05.png> <./goes_fulldisk_C
11.png> <./goes_fulldisk_C16.png>]
<cmr_station.png, id=466, 501.37312pt x 468.24937pt>
File: cmr_station.png Graphic file (type png)
<use cmr_station.png>
Package pdftex.def Info: cmr_station.png  used on input line 221.
(pdftex.def)             Requested size: 401.09903pt x 374.59999pt.
 [21]
<gldas1.png, id=475, 261.22594pt x 169.38281pt>
File: gldas1.png Graphic file (type png)
<use gldas1.png>
Package pdftex.def Info: gldas1.png  used on input line 235.
(pdftex.def)             Requested size: 208.98102pt x 135.50642pt.
 [22 <./cmr_station.png>] [23 <./gldas1.png>]
Overfull \hbox (30.24654pt too wide) in paragraph at lines 283--305
 []\T1/lmr/m/n/12 NETCDF:"GLDAS_NOAH025_3H.A20210131.0600.021.nc4":Qair_f_inst[
] - Spe-cific hu-mid-ity (Kg/Kg) 
 []


Overfull \hbox (6.4525pt too wide) in paragraph at lines 283--305
 []\T1/lmr/m/n/12 NETCDF:"GLDAS_NOAH025_3H.A20210131.0600.021.nc4":Psurf_f_inst
[] - Sur-face Pres-sure (Pa) 
 []


Overfull \hbox (2.08032pt too wide) in paragraph at lines 283--305
 []\T1/lmr/m/n/12 NETCDF:"GLDAS_NOAH025_3H.A20210131.0600.021.nc4":SWdown_f_ins
t[] - Down-ward short-
 []

[24]
<qgis1.png, id=514, 828.09375pt x 505.13719pt>
File: qgis1.png Graphic file (type png)
<use qgis1.png>
Package pdftex.def Info: qgis1.png  used on input line 321.
(pdftex.def)             Requested size: 496.86009pt x 303.08466pt.
<qgis2.png, id=515, 675.27281pt x 459.21562pt>
File: qgis2.png Graphic file (type png)
<use qgis2.png>
Package pdftex.def Info: qgis2.png  used on input line 331.
(pdftex.def)             Requested size: 405.16681pt x 275.5315pt.
 [25 <./qgis1.png>] [26 <./qgis2.png>] [27] [28]
<tp03.png, id=632, 722.7pt x 481.8pt>
File: tp03.png Graphic file (type png)
<use tp03.png>
Package pdftex.def Info: tp03.png  used on input line 472.
(pdftex.def)             Requested size: 578.16078pt x 385.4405pt.

Overfull \hbox (77.67679pt too wide) in paragraph at lines 472--473
 [] 
 []

[29]
<tp15.png, id=671, 722.7pt x 481.8pt>
File: tp15.png Graphic file (type png)
<use tp15.png>
Package pdftex.def Info: tp15.png  used on input line 480.
(pdftex.def)             Requested size: 578.16078pt x 385.4405pt.

Overfull \hbox (77.67679pt too wide) in paragraph at lines 480--481
 [] 
 []

[30 <./tp03.png>] [31 <./tp15.png>]
<rh03.png, id=697, 1369.115pt x 625.33624pt>
File: rh03.png Graphic file (type png)
<use rh03.png>
Package pdftex.def Info: rh03.png  used on input line 510.
(pdftex.def)             Requested size: 821.47534pt x 375.20464pt.

Overfull \hbox (320.99135pt too wide) in paragraph at lines 510--511
 [] 
 []

<rh15.png, id=698, 1369.115pt x 625.33624pt>
File: rh15.png Graphic file (type png)
<use rh15.png>
Package pdftex.def Info: rh15.png  used on input line 518.
(pdftex.def)             Requested size: 821.47534pt x 375.20464pt.

Overfull \hbox (320.99135pt too wide) in paragraph at lines 518--519
 [] 
 []

[32 <./rh03.png>] [33 <./rh15.png>]
<sp03.png, id=729, 1369.115pt x 625.33624pt>
File: sp03.png Graphic file (type png)
<use sp03.png>
Package pdftex.def Info: sp03.png  used on input line 547.
(pdftex.def)             Requested size: 821.47534pt x 375.20464pt.

Overfull \hbox (320.99135pt too wide) in paragraph at lines 547--548
 [] 
 []

<sp15.png, id=730, 1369.115pt x 625.33624pt>
File: sp15.png Graphic file (type png)
<use sp15.png>
Package pdftex.def Info: sp15.png  used on input line 555.
(pdftex.def)             Requested size: 821.47534pt x 375.20464pt.

Overfull \hbox (320.99135pt too wide) in paragraph at lines 555--556
 [] 
 []

[34 <./sp03.png>] [35 <./sp15.png>]
<ws03.png, id=760, 1369.115pt x 625.33624pt>
File: ws03.png Graphic file (type png)
<use ws03.png>
Package pdftex.def Info: ws03.png  used on input line 586.
(pdftex.def)             Requested size: 821.47534pt x 375.20464pt.

Overfull \hbox (320.99135pt too wide) in paragraph at lines 586--587
 [] 
 []

<ws15.png, id=761, 1369.115pt x 625.33624pt>
File: ws15.png Graphic file (type png)
<use ws15.png>
Package pdftex.def Info: ws15.png  used on input line 594.
(pdftex.def)             Requested size: 821.47534pt x 375.20464pt.

Overfull \hbox (320.99135pt too wide) in paragraph at lines 594--595
 [] 
 []

[36 <./ws03.png>]) [37 <./ws15.png>] (conclusion.tex) (mi_is_report.aux)

LaTeX Warning: There were multiply-defined labels.

Package rerunfilecheck Info: File `mi_is_report.out' has not changed.
(rerunfilecheck)             Checksum: 38B2CEE69883059CE7A645757724B0F7;8190.
 ) 
Here is how much of TeX's memory you used:
 20624 strings out of 478659
 346264 string characters out of 2845446
 1320023 words of memory out of 3000000
 37928 multiletter control sequences out of 15000+600000
 455049 words of font info for 63 fonts, out of 8000000 for 9000
 1141 hyphenation exceptions out of 8191
 76i,8n,81p,1065b,1956s stack positions out of 5000i,500n,10000p,200000b,80000s
{C:/Users/DUPLEX/AppData/Local/Programs/MiKTeX/fonts/enc/dvips/lm/lm-ec.enc}{
C:/Users/DUPLEX/AppData/Local/Programs/MiKTeX/fonts/enc/dvips/lm/lm-ts1.enc}<C:
/Users/DUPLEX/AppData/Local/Programs/MiKTeX/fonts/type1/public/lm/lmbx12.pfb><C
:/Users/DUPLEX/AppData/Local/Programs/MiKTeX/fonts/type1/public/lm/lmr10.pfb><C
:/Users/DUPLEX/AppData/Local/Programs/MiKTeX/fonts/type1/public/lm/lmr12.pfb><C
:/Users/DUPLEX/AppData/Local/Programs/MiKTeX/fonts/type1/public/lm/lmr6.pfb><C:
/Users/DUPLEX/AppData/Local/Programs/MiKTeX/fonts/type1/public/lm/lmri12.pfb><C
:/Users/DUPLEX/AppData/Local/Programs/MiKTeX/fonts/type1/public/lm/lmtt10.pfb>
Output written on mi_is_report.pdf (39 pages, 2831809 bytes).
PDF statistics:
 896 PDF objects out of 1000 (max. 8388607)
 422 named destinations out of 1000 (max. 500000)
 472 words of extra memory for PDF output out of 10000 (max. 10000000)

