\BOOKMARK [1][-]{chapter*.1}{\376\377\000R\000E\000M\000E\000R\000C\000I\000E\000M\000E\000N\000T\000S}{}% 1
\BOOKMARK [1][-]{chapter*.4}{\376\377\000A\000C\000K\000N\000O\000W\000L\000E\000D\000G\000E\000M\000E\000N\000T}{}% 2
\BOOKMARK [1][-]{chapter*.7}{\376\377\000I\000N\000T\000R\000O\000D\000U\000C\000T\000I\000O\000N}{}% 3
\BOOKMARK [0][-]{chapter.1}{\376\377\000B\000A\000S\000I\000C\000\040\000P\000R\000I\000N\000C\000I\000P\000L\000E\000S\000\040\000O\000F\000\040\000S\000A\000T\000E\000L\000L\000I\000T\000E\000\040\000R\000E\000M\000O\000T\000E\000\040\000S\000E\000N\000S\000I\000N\000G}{}% 4
\BOOKMARK [1][-]{section.1.1}{\376\377\000D\000e\000f\000i\000n\000i\000t\000i\000o\000n}{chapter.1}% 5
\BOOKMARK [1][-]{section.1.2}{\376\377\000E\000l\000e\000c\000t\000r\000o\000m\000a\000g\000n\000e\000t\000i\000c\000\040\000S\000p\000e\000c\000t\000r\000u\000m}{chapter.1}% 6
\BOOKMARK [1][-]{section.1.3}{\376\377\000S\000o\000u\000r\000c\000e\000\040\000o\000f\000\040\000r\000a\000d\000i\000a\000t\000i\000o\000n}{chapter.1}% 7
\BOOKMARK [1][-]{section.1.4}{\376\377\000I\000n\000t\000e\000r\000a\000c\000t\000i\000o\000n\000\040\000i\000n\000\040\000t\000h\000e\000\040\000a\000t\000m\000o\000s\000p\000h\000e\000r\000e}{chapter.1}% 8
\BOOKMARK [1][-]{section.1.5}{\376\377\000H\000o\000w\000\040\000d\000o\000e\000s\000\040\000i\000t\000\040\000w\000o\000r\000k\000\040\000?}{chapter.1}% 9
\BOOKMARK [1][-]{section.1.6}{\376\377\000C\000a\000t\000e\000g\000o\000r\000y\000\040\000o\000f\000\040\000s\000a\000t\000e\000l\000l\000i\000t\000e}{chapter.1}% 10
\BOOKMARK [0][-]{chapter.2}{\376\377\000C\000A\000S\000E\000\040\000S\000T\000U\000D\000Y\000:\000\040\000G\000O\000E\000S\000-\000R\000\040\000S\000e\000r\000i\000e\000s}{}% 11
\BOOKMARK [1][-]{section.2.1}{\376\377\000G\000O\000E\000S\000\040\000p\000r\000o\000j\000e\000c\000t\000\040\000c\000u\000r\000r\000e\000n\000t\000\040\000s\000t\000a\000t\000u\000s}{chapter.2}% 12
\BOOKMARK [1][-]{section.2.2}{\376\377\000G\000O\000E\000S\000\040\000P\000r\000o\000j\000e\000c\000t\000\040\000H\000i\000s\000t\000o\000r\000y}{chapter.2}% 13
\BOOKMARK [1][-]{section.2.3}{\376\377\000G\000O\000E\000S\000-\000R\000\040\000S\000e\000r\000i\000e\000s\000\040\000I\000n\000s\000t\000r\000u\000m\000e\000n\000t\000s}{chapter.2}% 14
\BOOKMARK [1][-]{section.2.4}{\376\377\000A\000d\000v\000a\000n\000c\000e\000d\000\040\000B\000a\000s\000e\000l\000i\000n\000e\000\040\000I\000m\000a\000g\000e\000r\000\040\000\050\000A\000B\000I\000\051}{chapter.2}% 15
\BOOKMARK [1][-]{section.2.5}{\376\377\000A\000B\000I\000\040\000D\000a\000t\000a\000\040\000C\000o\000l\000l\000e\000c\000t\000i\000o\000n\000\040\000A\000p\000p\000r\000o\000a\000c\000h\000\040\000a\000n\000d\000\040\000O\000p\000e\000r\000a\000t\000i\000o\000n\000s}{chapter.2}% 16
\BOOKMARK [1][-]{section.2.6}{\376\377\000A\000B\000I\000\040\000m\000o\000d\000e\000s\000\040\000o\000f\000\040\000o\000p\000e\000r\000a\000t\000i\000o\000n}{chapter.2}% 17
\BOOKMARK [1][-]{section.2.7}{\376\377\000G\000O\000E\000S\000-\000R\000\040\000D\000a\000t\000a\000\040\000P\000r\000o\000d\000u\000c\000t\000s}{chapter.2}% 18
\BOOKMARK [1][-]{section.2.8}{\376\377\000A\000B\000I\000\040\000m\000e\000t\000e\000o\000r\000o\000l\000o\000g\000i\000c\000a\000l\000\040\000p\000r\000o\000d\000u\000c\000t}{chapter.2}% 19
\BOOKMARK [0][-]{chapter.3}{\376\377\000S\000A\000T\000E\000L\000L\000I\000T\000E\000\040\000D\000A\000T\000A\000\040\000A\000N\000A\000L\000Y\000S\000I\000S}{}% 20
\BOOKMARK [1][-]{section.3.1}{\376\377\000T\000e\000c\000h\000n\000i\000q\000u\000e\000\040\0001\000:\000\040\000a\000c\000c\000e\000s\000s\000\040\000d\000a\000t\000a\000\040\000f\000i\000l\000e\000s}{chapter.3}% 21
\BOOKMARK [2][-]{subsection.3.1.1}{\376\377\000A\000c\000c\000e\000s\000s\000\040\000d\000a\000t\000a\000\040\000f\000i\000l\000e\000s\000\040\000f\000r\000o\000m\000\040\000N\000O\000A\000A\000\040\000C\000L\000A\000S\000S}{section.3.1}% 22
\BOOKMARK [2][-]{subsection.3.1.2}{\376\377\000A\000c\000c\000e\000s\000s\000\040\000d\000a\000t\000a\000\040\000f\000i\000l\000e\000s\000\040\000f\000r\000o\000m\000\040\000A\000m\000a\000z\000o\000n\000,\000\040\000M\000i\000c\000r\000o\000s\000o\000f\000t\000,\000\040\000O\000C\000C}{section.3.1}% 23
\BOOKMARK [2][-]{subsection.3.1.3}{\376\377\000A\000c\000c\000e\000s\000s\000\040\000d\000a\000t\000a\000\040\000f\000i\000l\000e\000s\000\040\000f\000r\000o\000m\000\040\000G\000o\000o\000g\000l\000e\000\040\000C\000l\000o\000u\000d}{section.3.1}% 24
\BOOKMARK [2][-]{subsection.3.1.4}{\376\377\000U\000s\000e\000\040\000P\000y\000t\000h\000o\000n\000\040\000t\000o\000\040\000r\000e\000t\000r\000i\000e\000v\000e\000\040\000d\000a\000t\000a\000\040\000f\000r\000o\000m\000\040\000A\000W\000S}{section.3.1}% 25
\BOOKMARK [1][-]{section.3.2}{\376\377\000T\000e\000c\000h\000n\000i\000q\000u\000e\000\040\0002\000:\000\040\000E\000x\000p\000l\000o\000r\000e\000\040\000s\000a\000t\000e\000l\000l\000i\000t\000e\000\040\000d\000a\000t\000a\000\040\000a\000n\000d\000\040\000m\000e\000t\000a\000d\000a\000t\000a}{chapter.3}% 26
\BOOKMARK [2][-]{subsection.3.2.1}{\376\377\000\040\000G\000O\000E\000S\000-\000R\000\040\000S\000e\000r\000i\000e\000s\000\040\000d\000a\000t\000a\000\040\000f\000o\000r\000m\000a\000t}{section.3.2}% 27
\BOOKMARK [2][-]{subsection.3.2.2}{\376\377\000R\000e\000a\000d\000\040\000m\000e\000t\000a\000d\000a\000t\000a}{section.3.2}% 28
\BOOKMARK [1][-]{section.3.3}{\376\377\000T\000e\000c\000h\000n\000i\000q\000u\000e\000\040\0003\000:\000\040\000P\000l\000o\000t\000\040\000a\000\040\000s\000i\000n\000g\000l\000e\000\040\000b\000a\000n\000d\000\040\000A\000B\000I\000\040\000C\000h\000a\000n\000n\000e\000l}{chapter.3}% 29
\BOOKMARK [1][-]{section.3.4}{\376\377\000T\000e\000c\000h\000n\000i\000q\000u\000e\000\040\0004\000:\000\040\000C\000o\000n\000v\000e\000r\000t\000\040\000N\000e\000t\000C\000D\000F\000\040\000f\000i\000l\000e\000s\000\040\000t\000o\000\040\000G\000e\000o\000T\000I\000F\000F\000s\000\040}{chapter.3}% 30
\BOOKMARK [1][-]{section.3.5}{\376\377\000T\000e\000c\000h\000n\000i\000q\000u\000e\000\040\0005\000:\000\040\000P\000r\000o\000c\000e\000s\000s\000i\000n\000g\000\040\000s\000a\000t\000e\000l\000l\000i\000t\000e\000\040\000d\000a\000t\000a\000\040\000u\000s\000i\000n\000g\000\040\000G\000I\000S\000\040\000S\000o\000f\000t\000w\000a\000r\000e}{chapter.3}% 31
\BOOKMARK [2][-]{subsection.3.5.1}{\376\377\000O\000b\000j\000e\000c\000t\000i\000v\000e\000s}{section.3.5}% 32
\BOOKMARK [2][-]{subsection.3.5.2}{\376\377\000A\000v\000i\000t\000i\000o\000n\000\040\000m\000e\000t\000e\000o\000r\000o\000l\000o\000g\000i\000c\000a\000l\000\040\000s\000t\000a\000t\000i\000o\000n\000s\000\040\000i\000n\000\040\000c\000a\000m\000e\000r\000o\000o\000n}{section.3.5}% 33
\BOOKMARK [2][-]{subsection.3.5.3}{\376\377\000G\000L\000D\000A\000S\000\040\000d\000a\000t\000a}{section.3.5}% 34
\BOOKMARK [2][-]{subsection.3.5.4}{\376\377\000S\000p\000e\000c\000i\000f\000i\000c\000\040\000r\000e\000q\000u\000i\000r\000e\000m\000e\000n\000t\000s}{section.3.5}% 35
\BOOKMARK [2][-]{subsection.3.5.5}{\376\377\000D\000o\000w\000n\000l\000o\000a\000d\000\040\000G\000L\000D\000A\000S\000\040\000d\000a\000t\000a}{section.3.5}% 36
\BOOKMARK [2][-]{subsection.3.5.6}{\376\377\000P\000r\000o\000c\000e\000s\000s\000i\000n\000g\000\040\000s\000i\000n\000g\000l\000e\000\040\000d\000a\000t\000a\000\040\000f\000i\000l\000e}{section.3.5}% 37
\BOOKMARK [2][-]{subsection.3.5.7}{\376\377\000R\000e\000s\000u\000l\000t\000s}{section.3.5}% 38
\BOOKMARK [2][-]{subsection.3.5.8}{\376\377\000T\000e\000m\000p\000e\000r\000a\000t\000u\000r\000e\000\040\000c\000h\000a\000r\000t}{section.3.5}% 39
\BOOKMARK [2][-]{subsection.3.5.9}{\376\377\000R\000e\000l\000a\000t\000i\000v\000e\000\040\000H\000u\000m\000i\000d\000i\000t\000y\000\040\000C\000h\000a\000r\000t}{section.3.5}% 40
\BOOKMARK [2][-]{subsection.3.5.10}{\376\377\000S\000u\000r\000f\000a\000c\000e\000\040\000P\000r\000e\000s\000s\000u\000r\000e\000\040\000C\000h\000a\000r\000t}{section.3.5}% 41
\BOOKMARK [2][-]{subsection.3.5.11}{\376\377\000W\000i\000n\000d\000\040\000S\000p\000e\000e\000d\000\040\000C\000h\000a\000r\000t}{section.3.5}% 42
