\BOOKMARK [1][-]{chapter*.2}{\376\377\000C\000E\000R\000T\000I\000F\000I\000C\000A\000T\000E}{}% 1
\BOOKMARK [1][-]{chapter*.5}{\376\377\000A\000C\000K\000N\000O\000W\000L\000E\000D\000G\000E\000M\000E\000N\000T}{}% 2
\BOOKMARK [1][-]{chapter*.9}{\376\377\000I\000N\000T\000R\000O\000D\000U\000C\000T\000I\000O\000N}{}% 3
\BOOKMARK [0][-]{chapter.1}{\376\377\000B\000A\000S\000I\000C\000\040\000P\000R\000I\000N\000C\000I\000P\000L\000E\000S\000\040\000O\000F\000\040\000S\000A\000T\000E\000L\000L\000I\000T\000E\000\040\000R\000E\000M\000O\000T\000E\000\040\000S\000E\000N\000S\000I\000N\000G}{}% 4
\BOOKMARK [1][-]{section.1.1}{\376\377\000D\000e\000f\000i\000n\000i\000t\000i\000o\000n}{chapter.1}% 5
\BOOKMARK [1][-]{section.1.2}{\376\377\000E\000l\000e\000c\000t\000r\000o\000m\000a\000g\000n\000e\000t\000i\000c\000\040\000S\000p\000e\000c\000t\000r\000u\000m}{chapter.1}% 6
\BOOKMARK [1][-]{section.1.3}{\376\377\000S\000o\000u\000r\000c\000e\000\040\000o\000f\000\040\000r\000a\000d\000i\000a\000t\000i\000o\000n}{chapter.1}% 7
\BOOKMARK [1][-]{section.1.4}{\376\377\000I\000n\000t\000e\000r\000a\000c\000t\000i\000o\000n\000\040\000i\000n\000\040\000t\000h\000e\000\040\000a\000t\000m\000o\000s\000p\000h\000e\000r\000e}{chapter.1}% 8
\BOOKMARK [0][-]{chapter.2}{\376\377\000C\000A\000S\000E\000\040\000S\000T\000U\000D\000Y\000:\000\040\000G\000O\000E\000S\000-\000R\000\040\000S\000e\000r\000i\000e\000s}{}% 9
\BOOKMARK [1][-]{section.2.1}{\376\377\000G\000O\000E\000S\000\040\000p\000r\000o\000j\000e\000c\000t\000\040\000c\000u\000r\000r\000e\000n\000t\000\040\000s\000t\000a\000t\000u\000s}{chapter.2}% 10
\BOOKMARK [1][-]{section.2.2}{\376\377\000G\000O\000E\000S\000-\000R\000\040\000S\000e\000r\000i\000e\000s\000\040\000I\000n\000s\000t\000r\000u\000m\000e\000n\000t\000s}{chapter.2}% 11
\BOOKMARK [1][-]{section.2.3}{\376\377\000A\000d\000v\000a\000n\000c\000e\000d\000\040\000B\000a\000s\000e\000l\000i\000n\000e\000\040\000I\000m\000a\000g\000e\000r\000\040\000\050\000A\000B\000I\000\051}{chapter.2}% 12
\BOOKMARK [1][-]{section.2.4}{\376\377\000A\000B\000I\000\040\000m\000o\000d\000e\000s\000\040\000o\000f\000\040\000o\000p\000e\000r\000a\000t\000i\000o\000n}{chapter.2}% 13
\BOOKMARK [1][-]{section.2.5}{\376\377\000G\000O\000E\000S\000-\000R\000\040\000D\000a\000t\000a\000\040\000P\000r\000o\000d\000u\000c\000t\000s}{chapter.2}% 14
\BOOKMARK [1][-]{section.2.6}{\376\377\000A\000B\000I\000\040\000m\000e\000t\000e\000o\000r\000o\000l\000o\000g\000i\000c\000a\000l\000\040\000p\000r\000o\000d\000u\000c\000t}{chapter.2}% 15
\BOOKMARK [0][-]{chapter.3}{\376\377\000\040\000G\000O\000E\000S\000-\000R\000\040\000S\000E\000R\000I\000E\000S\000\040\000D\000A\000T\000A\000\040\000C\000O\000L\000L\000E\000C\000T\000I\000O\000N\000\040\000A\000N\000D\000\040\000V\000I\000S\000U\000A\000L\000I\000S\000A\000T\000I\000O\000N}{}% 16
\BOOKMARK [1][-]{section.3.1}{\376\377\000A\000c\000c\000e\000s\000\040\000G\000O\000E\000S\000-\000R\000\040\000s\000e\000r\000i\000e\000s\000\040\000d\000a\000t\000a\000\040\000f\000i\000l\000e\000s}{chapter.3}% 17
\BOOKMARK [2][-]{subsection.3.1.1}{\376\377\000A\000c\000c\000e\000s\000s\000\040\000d\000a\000t\000a\000\040\000f\000i\000l\000e\000s\000\040\000f\000r\000o\000m\000\040\000N\000O\000A\000A\000\040\000C\000L\000A\000S\000S}{section.3.1}% 18
\BOOKMARK [2][-]{subsection.3.1.2}{\376\377\000A\000c\000c\000e\000s\000s\000\040\000d\000a\000t\000a\000\040\000f\000i\000l\000e\000s\000\040\000f\000r\000o\000m\000\040\000A\000m\000a\000z\000o\000n\000,\000\040\000M\000i\000c\000r\000o\000s\000o\000f\000t\000,\000\040\000O\000C\000C}{section.3.1}% 19
\BOOKMARK [2][-]{subsection.3.1.3}{\376\377\000A\000c\000c\000e\000s\000s\000\040\000d\000a\000t\000a\000\040\000f\000i\000l\000e\000s\000\040\000f\000r\000o\000m\000\040\000G\000o\000o\000g\000l\000e\000\040\000C\000l\000o\000u\000d}{section.3.1}% 20
\BOOKMARK [2][-]{subsection.3.1.4}{\376\377\000U\000s\000e\000\040\000P\000y\000t\000h\000o\000n\000\040\000t\000o\000\040\000r\000e\000t\000r\000i\000e\000v\000e\000\040\000d\000a\000t\000a\000\040\000f\000r\000o\000m\000\040\000A\000W\000S}{section.3.1}% 21
\BOOKMARK [1][-]{section.3.2}{\376\377\000G\000O\000E\000S\000-\000R\000\040\000S\000e\000r\000i\000e\000s\000\040\000m\000e\000t\000a\000d\000a\000t\000a\000\040\000d\000i\000s\000c\000o\000v\000e\000r\000y}{chapter.3}% 22
\BOOKMARK [2][-]{subsection.3.2.1}{\376\377\000\040\000G\000O\000E\000S\000-\000R\000\040\000S\000e\000r\000i\000e\000s\000\040\000d\000a\000t\000a\000\040\000f\000o\000r\000m\000a\000t}{section.3.2}% 23
\BOOKMARK [2][-]{subsection.3.2.2}{\376\377\000R\000e\000a\000d\000\040\000G\000O\000E\000S\000-\000R\000\040\000S\000e\000r\000i\000e\000s\000\040\000d\000a\000t\000a\000\040\000m\000e\000t\000a\000d\000a\000t\000a}{section.3.2}% 24
\BOOKMARK [1][-]{section.3.3}{\376\377\000V\000i\000s\000u\000a\000l\000i\000s\000e\000\040\000a\000\040\000s\000i\000n\000g\000l\000e\000\040\000b\000a\000n\000d\000\040\000A\000B\000I\000\040\000C\000h\000a\000n\000n\000e\000l\000\040\000i\000m\000a\000g\000e}{chapter.3}% 25
\BOOKMARK [0][-]{chapter.4}{\376\377\000S\000A\000T\000E\000L\000L\000I\000T\000E\000\040\000D\000A\000T\000A\000\040\000A\000N\000A\000L\000Y\000S\000I\000S}{}% 26
\BOOKMARK [1][-]{section.4.1}{\376\377\000A\000v\000i\000a\000t\000i\000o\000n\000\040\000m\000e\000t\000e\000o\000r\000o\000l\000o\000g\000i\000c\000a\000l\000\040\000s\000t\000a\000t\000i\000o\000n\000s\000\040\000i\000n\000\040\000c\000a\000m\000e\000r\000o\000o\000n}{chapter.4}% 27
\BOOKMARK [1][-]{section.4.2}{\376\377\000G\000L\000D\000A\000S\000\040\000d\000a\000t\000a}{chapter.4}% 28
\BOOKMARK [1][-]{section.4.3}{\376\377\000S\000p\000e\000c\000i\000f\000i\000c\000\040\000r\000e\000q\000u\000i\000r\000e\000m\000e\000n\000t\000s}{chapter.4}% 29
\BOOKMARK [1][-]{section.4.4}{\376\377\000D\000o\000w\000n\000l\000o\000a\000d\000\040\000G\000L\000D\000A\000S\000\040\000d\000a\000t\000a}{chapter.4}% 30
\BOOKMARK [1][-]{section.4.5}{\376\377\000P\000r\000o\000c\000e\000s\000s\000i\000n\000g\000\040\000s\000i\000n\000g\000l\000e\000\040\000d\000a\000t\000a\000\040\000f\000i\000l\000e}{chapter.4}% 31
\BOOKMARK [2][-]{subsection.4.5.1}{\376\377\000\040\000D\000a\000t\000a\000\040\000f\000i\000l\000e\000\040\000s\000t\000r\000u\000c\000t\000u\000r\000e}{section.4.5}% 32
\BOOKMARK [2][-]{subsection.4.5.2}{\376\377\000\040\000M\000e\000t\000a\000d\000a\000t\000a\000\040\000d\000i\000s\000c\000o\000v\000e\000r\000y}{section.4.5}% 33
\BOOKMARK [2][-]{subsection.4.5.3}{\376\377\000S\000i\000n\000g\000l\000e\000\040\000d\000a\000t\000a\000\040\000e\000x\000t\000r\000a\000c\000t\000i\000o\000n}{section.4.5}% 34
\BOOKMARK [2][-]{subsection.4.5.4}{\376\377\000\040\000D\000a\000t\000a\000\040\000v\000i\000s\000u\000a\000l\000i\000s\000a\000t\000i\000o\000n\000\040\000i\000n\000\040\000Q\000G\000I\000S}{section.4.5}% 35
\BOOKMARK [2][-]{subsection.4.5.5}{\376\377\000\040\000U\000n\000i\000t\000\040\000d\000a\000t\000a\000\040\000c\000o\000n\000v\000e\000r\000s\000i\000o\000n}{section.4.5}% 36
\BOOKMARK [0][-]{chapter.5}{\376\377\000R\000E\000S\000U\000L\000T\000S}{}% 37
\BOOKMARK [1][-]{section.5.1}{\376\377\000E\000x\000t\000r\000a\000c\000t\000\040\000c\000h\000a\000r\000t\000\040\000c\000o\000m\000m\000a\000n\000d\000\040\000l\000i\000n\000e\000\040\000t\000o\000o\000l\000s\000.}{chapter.5}% 38
\BOOKMARK [2][-]{subsection.5.1.1}{\376\377\000V\000i\000s\000u\000a\000l\000i\000s\000e\000\040\000t\000e\000m\000p\000e\000r\000a\000t\000u\000r\000e\000\040\000c\000h\000a\000r\000t\000.}{section.5.1}% 39
\BOOKMARK [2][-]{subsection.5.1.2}{\376\377\000V\000i\000s\000u\000a\000l\000i\000s\000e\000\040\000R\000e\000l\000a\000t\000i\000v\000e\000\040\000H\000u\000m\000i\000d\000i\000t\000y\000\040\000C\000h\000a\000r\000t}{section.5.1}% 40
\BOOKMARK [2][-]{subsection.5.1.3}{\376\377\000V\000i\000s\000u\000a\000l\000i\000s\000e\000\040\000S\000u\000r\000f\000a\000c\000e\000\040\000P\000r\000e\000s\000s\000u\000r\000e\000\040\000C\000h\000a\000r\000t}{section.5.1}% 41
\BOOKMARK [2][-]{subsection.5.1.4}{\376\377\000V\000i\000s\000u\000a\000l\000i\000s\000e\000\040\000W\000i\000n\000d\000\040\000S\000p\000e\000e\000d\000\040\000C\000h\000a\000r\000t}{section.5.1}% 42
\BOOKMARK [1][-]{section.5.2}{\376\377\000E\000x\000t\000r\000a\000c\000t\000\040\000d\000a\000t\000a}{chapter.5}% 43
\BOOKMARK [1][-]{section.5.3}{\376\377\000C\000o\000m\000p\000a\000r\000i\000s\000o\000n\000\040\000b\000e\000t\000w\000e\000e\000n\000\040\000v\000a\000l\000u\000e\000s\000\040\000e\000x\000t\000r\000a\000c\000t\000e\000d\000\040\000f\000r\000o\000m\000\040\000s\000a\000t\000e\000l\000l\000i\000t\000e\000\040\000a\000n\000d\000\040\000t\000h\000o\000s\000e\000\040\000o\000b\000s\000e\000v\000e\000d\000\040\000a\000t\000\040\000m\000e\000t\000\040\000s\000t\000a\000t\000i\000o\000n}{chapter.5}% 44
\BOOKMARK [1][-]{chapter*.86}{\376\377\000C\000O\000N\000C\000L\000U\000S\000I\000O\000N\000\040\000A\000N\000D\000\040\000F\000U\000T\000U\000R\000E\000\040\000E\000N\000H\000A\000N\000C\000E\000M\000E\000N\000T}{chapter.5}% 45
